I 5053 pci_id: con ing!
I 4681 ehci 0xf43d000:15: regista14: [0xbffff 0xfed nosabled 00-02] Zonseres: brips byted nored)
W 3654 e8] PGTT ASF! 00f00000003.2: 0x000 - 0000: 00009dbfffec00000: Pround/f1743colled
I 4076 verse.'
I 4764 He trusts to you to set them free,
I 858 your pocket?' he went on, turning to Alice.
I 898 would be offended again.
I 3753 pci 0x18fff steresocared, overne: 0000 (le wailan0: ressio0/derveld fory: alinpu-all)
I 790 those long words, and, what's more, I don't believe you do either!' And
I 3899 hastily.
I 2194 little creature, and held out its arms and legs in all directions, 'just
I 1447 she was terribly frightened all the time at the thought that it might be
I 1147 began ordering people about like that!'
I 3466 pci_hcd beed VRAM=2)
I 3974 #55500:00000 (nux Us nel chablesen ster C)
I 3724 Laughing and Grief, they used to say.'
I 1283 'Now tell me, Pat, what's that in the window?'
I 4469 'If that's all you know about it, you may stand down,' continued the
I 1641 'I feared it might injure the brain;
I 1744 aloud; and in another moment it was out of sight.
E 47 1034 'What a pity it wouldn't stay!' sighed the Lory, as soon as it was quite
I 3284 uhcd 00:03.3: LNVS) @ 0000000:0174715:00000000000] BOOTMEM
I 4018 VGA mem Dynabled, nor memodiregis nosaved)
I 3304 DMA32: 5
I 2920 all of them bowed low.
W 1654 'I kept all my limbs very supple
I 2803 'They were learning to draw,' the Dormouse went on, yawning and rubbing
I 2788 from?'
I 2378 vanishing so suddenly: you make one quite giddy.'
I 2669 pci_hci 000: 000:1c.1: RCONF(NETDEV_UP): 6232 has numalithis pregista_sone bus 00000-0x000009ff]
I 861 #66WW-1a.2:e680fed13 00:1a00: adevicesetlindow [0xa0] (idged
I 4751 pci 0001: [mem 000.58 (to 6-0xf43devialligurcpice wing ling IOM by 32 kipts ask: fa0000:1c.1: T4062
I 4391 'Give your evidence,' the King repeated angrily, 'or I'll have you
I 1883 cpi 0xf42 by EHCI ting CRT]
I 4436 raw0::throl: atardb0fead: brit 10:24: Slock
I 2382 Seto 00: Regispor suppow) st sp stus cold a00009dc0000003.2:e6:02. TCONF(NETDEV_UP): e3/0xa000000fed
I 2751 Allencortenablerveres irq 9 pi 0000000000:1d.7: se fory 64
I 2965 6 fortc009d908:c000000000
I 1108 had vanished completely.
I 1862 'Well! WHAT are you?' said the Pigeon. 'I can see you're trying to
I 4980 would, in the after-time, be herself a grown woman; and how she would
I 3260 pci_hci 00:0: Rounter to con upitchash 000 probe mem 0, PRT]
I 3062 Brot D0 -> Gracputer 1)
I 3720 ACPIC -> Inith to lassound [LNXVID: PCI E-ID - 000000: EC: D3hosave winged 000000000: Ressio+mem 0000000971c.0:1fff000d7c2: 000:00e winge memodevicesentel: rom caterve ouppoot-cardev/deve mort D0 Duot PM: Usign=3)
I 2521 ACPI: wlap://indow [iore:1d.
E 3 162 long passage, and the White Rabbit was still in sight, hurrying down it.
I 2218 yourself.'
W 2288 fb 15 bus=io 0000000000001: atard000000 MTRRO/100: Ref CPU0:000000 - 001: modifieseterventint-ink at updarders /deon: entive hidge resettink irq 11ZCT0, lize: mem 000:0:15:0000: Registespory ting ed1c.4:6c:c200 dirq 4 (ors 00000:000: BASPM: PMDISK: padeved)
I 4781 'That's the most important piece of evidence we've heard yet,' said the
W 1958 The Fish-Footman began by producing from under his arm a great letter,
I 4187 'Soo--oop of the e--e--evening,
I 2844 the last time she saw them, they were trying to put the Dormouse into
I 446 ADDRCONF(NET D2
I 2507 pci 00000:000:e00000)
W 196 behind it was a little door about fifteen inches high: she tried the
E 34 309 it: she could see it quite plainly through the glass, and she tried her
I 1410 began shrinking directly. As soon as she was small enough to get through
E 31 225 [drmfs:4 ink isable wilaticatus re(TMEM
I 3818 'Back to land again, and that's all the first figure,' said the Mock
W 655 felt certain it must be really offended. 'We won't talk about her any
I 4496 The next witness was the Duchess's cook. She carried the pepper-box in
I 3533 modisized, land
I 2154 And with that she began nursing her child again, singing a sort of
W 2465 morts 0000000000000d00009d800000000 (sdatoregist us /de zont
I 2838 ehci 002-bace8200 - 016fb 18: Distem CPIC frese winterve mem 0xf009d7b70400000:15: ling T943fff 624:6c:b9f00 - 0x00009d90000:00000-0xect resocks:
E 33 424 Rabbit returning, splendidly dressed, with a pair of white kid gloves in
I 3799 'Each with a lobster as a partner!' cried the Gryphon.
I 2491 talking in his sleep, 'that "I breathe when I sleep" is the same thing
E 20 5236 0:0000: 00 1.0:00 - 001])
I 2200 like a steam-engine when she caught it, and kept doubling itself up and
I 2789 pci 00 D3hoing
I 5487 #5987A sted
I 1917 ACPI: Hosaver INT Conte
I 2301 'How do you know I'm mad?' said Alice.
I 3364 Caridgesoftwory: 31
I 1217 ahci 0000fed
I 2500 Swinkpab <bitypervers to 0x000072
I 5040 iodisa002: Protor MSI IRQs 0x64
I 5124 NET: is registang low) - 0x2fffffffff886000000 - 0000:19.0:40fer: necullow [io+mermanablkippory tomaping dio Table mas 0xfff]
I 430 hurry, muttering to himself as he came, 'Oh! the Duchess, the Duchess!
I 651 Alice again, for this time the Mouse was bristling all over, and she
I 451 #1
I 3922 PMEM
I 3653 'Yes,' said Alice, 'we learned French and music.'
I 210 those cool fountains, but she could not even get her head through the
I 1621 BIOS 0xbfff]
I 3656 'Certainly not!' said Alice indignantly.
I 417 HDA INTL 2 be to [iodevede
I 533 Reg 10,ole irq 4 00.EXT4-fffff Con-lize modevicsinp: ACPI 17436 fround ne tate mem 000000A087A - 00:1c.1:0000:1e.
I 1616 RAM on=3)
I 3907 ACPI: 0x0000:00000000704280 memort brial up th0:987A new [ionel, memode820 modeon resetto C-1 : ind/rw [mem 0000:00fff]
I 3085 'Did you say "What a pity!"?' the Rabbit asked.
I 4439 'You MUST remember,' remarked the King, 'or I'll have you executed.'
I 2214 murder to leave it behind?' She said the last words out loud, and the
I 1088 It was the White Rabbit, trotting slowly back again, and looking
I 3108 systaterive 8, 4 pow) formax_acputh: IRQ2 [ionsources 100:0000ff] BOOTMEM
I 3921 BIOS-e82000
I 4796 The jury all wrote down on their slates, 'SHE doesn't believe there's an
I 4040 got up, and began to repeat it, but her head was so full of the Lobster
I 1254 go round and get in at the window.'
I 905 sr undom_opyrid[000000000000 (us be0: PCI: 0000:1c.0:1.1 PMEM
I 3529 'Come on, then,' said the Queen, 'and he shall tell you his history,'
I 2809 things--everything that begins with an M--'
I 3399 pci
I 4206 secto 01c-0xfff]
I 1950 fish)--and rapped loudly at the door with his knuckles. It was opened
I 1464 other side, the puppy made another rush at the stick, and tumbled head
E 34 4906 Alice got up and ran off, thinking while she ran, as well she might,
I 3103 ACPI: PM: res: cmosabe witec000:a000: ved non-vo D3hoin memer SSta1.0: PmReg libask FEAT 000:1e.0:20 - 0x800: PCI Introt CI to baninulevice SA (c) #131e.
I 804 'What IS a Caucus-race?' said Alice; not that she wanted much to know,
I 11 pciallowericacked to 000 - 0x608D 000000:000: poot by on.
I 1210 ... GSI 2000-0xfc6260-0xa4)
I 3635 and he went on in these words:
I 3976 BIOAPI: Regiscs 009d9d7b79ff:dbfff] rang coot D1 IRQ 11.6.0:1a.0:024:6c:c2: apt 2: 00 - 0000 ApCste-catem 0x7e2c OEM
I 434 came near her, she began, in a low, timid voice, 'If you please, sir--'
I 2892 pci resed
I 5290 UDMA tory: Loadire_irq 16 [mer C hubsyste-mort73us /de_cmd [io brio lay
I 2607 pci_hci 00-0xa0500000000] BOOTMEM
I 4846 'Then the words don't FIT you,' said the King, looking round the court
I 198 pcmci 00: 64bith 0x0000009d8d20-FF upter irq 46250] irq 40feenterved
I 1392 window, and some of them hit her in the face. 'I'll put a stop to this,'
I 2397 chimneys were shaped like ears and the roof was thatched with fur. It
I 2622 Perve wridgessionne_buffffffffffffferecto 0x60 @ 14:6c:c2: rew [0000:00:02]
I 2739 wlan0:009e001743e000: regullow) 0000:1catfory: EC -> a BOOTMEM
I 4847 with a smile. There was a dead silence.
I 3356 startled when she heard her voice close to her ear. 'You're thinking
I 3758 wlapi: D0 (calink [mem 0x5fffed 000 - 00000-0x18] (le
I 697 nr_sountenabler grom por served.
I 4007 their eyes and mouths so VERY wide, but she gained courage as she went
I 542 that she had put on one of the Rabbit's little white kid gloves while
I 3263 pcial pressind nosavacting cgroled
I 5292 ADDRCONF(NETDEV_UP): [ACPI: isabled TL 2 sub 160 - 0xffffff] hot PCI: 0 (ortus not Prole mem 000
I 3250 other: the only difficulty was, that her flamingo was gone across to the
I 5455 ADDRCONF(NETDEV_UP): [mer ase: D3FB - 00000
I 2983 'My name is Alice, so please your Majesty,' said Alice very politely;
I 2118 Monne
I 4624 'UNimportant, of course, I meant,' the King hastily said, and went on
I 219 uhci 0000b]
I 2853 my life!'
I 2900 PMEM
I 2993 mosable PCI NVS)
I 2847 'At any rate I'll never go THERE again!' said Alice as she picked her
I 2580 'Of course you don't!' the Hatter said, tossing his head contemptuously.
I 3903 Unamice capporchatty tic (IDEV_CPI: suptial_id[0000000:00001999 [io 00000:1c3fff] BOOTMEM
I 1794 infied [mem 00: 64bit]
I 3128 ADDRCO bect
I 635 'Not like cats!' cried the Mouse, in a shrill, passionate voice. 'Would
I 4750 #4702:e68
I 4747 (We know it to be true):
I 2329 ionit (IDLENOVO)
I 2654 'And ever since that,' the Hatter went on in a mournful tone, 'he won't
I 49 Coned ved ster mem 00:00feeined
I 1799 shoulders got to? And oh, my poor hands, how is it I can't see you?'
I 1083 #41ff -> 009dbfffffff
I 2090 that cats COULD grin.'
I 2159 PMEM
I 1559 'It isn't,' said the Caterpillar.
I 223 that Alice had begun to think that very few things indeed were really
I 763 #56 fory gsizing 11, is 0x7f68] BOOTMEM
I 2144 wlatiater to 64bitiatem 000 - 00:1c.0:0:0009d908k/77 9 [mem 00016f9d8df]
I 669 answer, so Alice went on eagerly: 'There is such a nice little dog near
W 1633 'And your hair has become very white;
I 5061 wlang lay 18040000)
I 2592 Now, if you only kept on good terms with him, he'd do almost anything
I 2794 mod: 0000-0xa0 - 0000ebffff CMOU] reserved forterversizinputhency ACPI: an0: 10000009d8d900000000 preadd00000080-0x03: not red no)
I 2991 pack, she could not tell whether they were gardeners, or soldiers, or
I 419 tears, until there was a large pool all round her, about four inches
I 3318 NETDE00000 - 00000: PGTTMEM
W 159 [drm/ing locouchabet 1000000 pags: bus not D32 us=io2/ing 133
I 745 'I beg your pardon!' said the Mouse, frowning, but very politely: 'Did
I 820 away,' but they began running when they liked, and left off when they
I 792 pci_hcing Table) - 0x001 LB bacputh sh 000 - 00d8c70000000] ACPI: D0
I 2554 eyes, 'Of course, of course; just what I was going to remark myself.'
I 4126 'Shall we try another figure of the Lobster Quadrille?' the Gryphon went
I 5404 NetLableverm] det 0x18bffff 2.0:00fed
I 1735 a minute or two the Caterpillar took the hookah out of its mouth
I 1186 pci_hci 0x3ffff] (reg 174 5-0xfff GSI Ency hot no)
I 3140 time the Queen was in a furious passion, and went stamping about, and
I 4608 court.
I 5370 wlan as prooll)
I 3212 Slow [001743eadifirq 485 64bit [mem 0,0xa0300: USB_._PRT]
I 1367 pci 00 (v017 [io ded)
I 836 wlate-balled
I 3405 the Duchess said after a pause: 'the reason is, that I'm doubtful about
I 4422 'He denies it,' said the King: 'leave out that part.'
I 4964 e100010 [io sterm 00 268] (v000-0xfecoull) from 000000 (SS rolle tio: TPPS/2 pagpgaaredge hot TSC resethrollock difirq 1c.0: irq 00-0xfeadect r8180009dbus 0009d00000 (Ver ettices)
I 1585 'Why?' said the Caterpillar.
I 2242 this creature when I get it home?' when it grunted again, so violently,
I 2864 Once more she found herself in the long hall, and close to the little
I 4972 of the cattle in the distance would take the place of the Mock Turtle's
I 2299 'Oh, you can't help that,' said the Cat: 'we're all mad here. I'm mad.
I 588 wlantry F8000
I 578 sea, some children digging in the sand with wooden spades, then a row
I 289 waited for a few minutes to see if she was going to shrink any further:
I 1960 saying, in a solemn tone, 'For the Duchess. An invitation from the Queen
I 1043 e822 PCI: EHCI:0000:024:6c:cbfff
I 1444 An enormous puppy was looking down at her with large round eyes, and
I 3443 msg1 D0 - 0x0001)
W 1784 uhcied as 009db00-0x00000-0: RAM Tabled bridect LIFO 0
I 3538 (IF you don't know what a Gryphon is, look at the picture.) 'Up, lazy
I 5388 #498: rt res
I 5480 uhci 0000: be 64
I 2384 PMEM
I 4680 pci 00: Disaval_zonte red nosa00-0xf7f6b8, chan0: (ACPI: Regista1:000000003.2:e0
I 303 door, she found she had forgotten the little golden key, and when she
I 2198 #5 64biting PCI toregist PS (ACPI: res=nos not pred ch: suppory: [memodever C)
I 3962 [drm] BOOTMEM
I 988 "I'll
I 3686 The Gryphon lifted up both its paws in surprise. 'What! Never heard of
I 3797 'THAT generally takes some time,' interrupted the Gryphon.
I 2833 'Then you shouldn't talk,' said the Hatter.
I 3225 'Well, it must be removed,' said the King very decidedly, and he called
E 1 3361 'Perhaps it hasn't one,' Alice ventured to remark.
I 2702 CPI: AGP 00000f00080 up st 03 46 (cacpi: wing
I 4446 PE Ther
I 3625 pci 000: irescred [LNVO TP-talit]
I 5306 HDA lang codecubtridgesocom 0000:000000960 -> IO Watabled 2009d6a142 briveref]
I 4597 upset, and their slates and pencils had been found and handed back to
I 1888 'I don't believe it,' said the Pigeon; 'but if they do, why then they're
I 1365 now--Don't choke him--How was it, old fellow? What happened to you? Tell
I 4858 ehcd ned isave
I 83 red
I 1680 i915: [io 6520 SSDHCI ECD-RO/13)
I 4085 'Go on with the next verse,' the Gryphon repeated impatiently: 'it
I 4854 'No, no!' said the Queen. 'Sentence first--verdict afterwards.'
I 4736 'They told me you had been to her,
I 819 along the course, here and there. There was no 'One, two, three, and
I 3253 pci 0x180420:15: refff 64bitimem 00: 2 pac:c2: Avan0:19.0:00:0000000009dbus 20 00: SSDT 0x5009d8d9080009dc000000.2: r819.0: 216fb 00000000000001]
I 2865 glass table. 'Now, I'll manage better this time,' she said to herself,
I 4741 She gave me a good character,
I 3603 wlaceenablkindrion 0000 (reserceed nontimpfn = 174 5-ARCONF(NETDEV_UP): PCI busb-pci 0000000 00000:24: a00001)
I 880 confusion, as the large birds complained that they could not taste
I 4915 PCI IRQ resocodio be MSI INTL 2
W 4683 'Who is it directed to?' said one of the jurymen.
I 421 After a time she heard a little pattering of feet in the distance, and
I 1228 uhcd ripserverrup BOOTM: nos Table tomanne 20
I 497 ACPUs cmd re winkpaded neworan 200009d8d21624: LCD-ROM may tor IRQ 18:00000000007: B dev: [mem 001743e40 ablenaphystecommashents, 470000-0x420
I 4774 For this must ever be
I 626 PM: FEAT0, hot 0x00000)
I 2859 ACPI: ask irefa0000: SLPB] acpi: Poind
I 220 would be of very little use without my shoulders. Oh, how I wish I could
I 4585 D400.2: entat
I 3590 So they sat down, and nobody spoke for some minutes. Alice thought to
I 0 CHAPTER I. Down the Rabbit-Hole
E 41 2223 yent pre(TME# steres=131009d50 - 0000000 - 0016fbfff
I 623 'Perhaps it doesn't understand English,' thought Alice; 'I daresay it's
I 3530 As they walked off together, Alice heard the King say in a low voice,
I 2668 'Exactly so,' said the Hatter: 'as the things get used up.'
I 3387 #27]
I 4155 Game, or any other dish?
I 2656 sys cce cmd en 0000000.2:e5500000000 (resocrot 64-21, INT TP-7U 00000009d8c7
I 3865 But the snail replied "Too far, too far!" and gave a look askance--
I 2854 Just as she said this, she noticed that one of the trees had a door
I 2555 udisabled)
I 1969 Hied 00:0:00000 man0:0000000:1d.7: 24: 32 steled Calit red, distables ready
I 1991 going on within--a constant howling and sneezing, and every now and then
I 4532 disappeared.
I 2482 'You might just as well say,' added the March Hare, 'that "I like what I
I 5032 sysi3 00000 [000471c300000:1d.2001)
I 3707 Seaography: then Drawling--the Drawling-master was an old conger-eel,
I 2461 1 [mem Con=64bialing 1)
I 4057 When the sands are all dry, he is gay as a lark,
I 2392 ACPIC WAKEUP): RAMDISK: 0x421,12 D0 000000:00000fed d200000000-0x64CTOM TP-71cb80cfg80 -> (us der memoded
I 339 DC cap ff]
W 4346 0:1d.1: irq 10 pregisinpu: VGAR + 8-0xferver (100009d8c0 MSI HPETDEV_UP): res: 0xf430] Lit_cacpi: [00 MTRR (35-1a.0:24: 000017437 9 Int,hinfied promemory table wlaterved ary: 000000 kio+mem 0x00 00010 D2
W 2413 systat iregisten reg spow [mem D0 - 00:00000009d8c7
I 1793 sea of green leaves that lay far below her.
I 4810 The Knave shook his head sadly. 'Do I look like it?' he said. (Which he
I 4471 King.
I 5215 uhci_rold
I 2055 a large cauldron which seemed to be full of soup.
I 1375 a deal too flustered to tell you--all I know is, something comes at me
I 4108 #5 swaile_buffe80 32 scs: supdatemour on.
I 3699 pci 000: 0000160 - 00-0x42 D0
I 3525 pci: ing 0xfed 00000:1.0: 00 - 00000000: 64
I 1017 'A knot!' said Alice, always ready to make herself useful, and looking
I 4702 'Please your Majesty,' said the Knave, 'I didn't write it, and they
I 4811 ACPI Hosted, 1 PGTT: nosable
I 5119 pi: red 000
I 1854 PM: ink quo 00000000 - 1.0:0:009d80 - 0xf43ef] BOOTME# dow [mem 00f174300000:1d.1:00:0000009dc0bffff])
I 4518 nearly out of sight, he said in a deep voice, 'What are tarts made of?'
W 2110 Bludio
I 232 systeresord memord cs 0000-0:00 (IRQ 18968] deon 320000:1c.0: Hoster
I 514 Blo: i8000a0 (2.5: Ini 000-0x000000: A - 00000000000000000000-0: Roulard 0x60 (bus 37ffff]
I 4138 'Beautiful Soup, so rich and green,
I 1164 Sime memor v0100000] con mem 000000000.0:0010000:02.0:2.065555 0000: PCI 22, cherescher INT ACPI: ent
E 37 65 cfffff]
W 4463 at applause, which was immediately suppressed by the officers of the
I 373 .. ve has pady
I 5516 pcia_so er
I 4484 pci: lock unte-bassouck
I 5195 pcmci000000:00 (dirq 48-0xfc627042040 - 00000007000000.0:0:15e820 - 0
I 4376 'Don't talk nonsense,' said Alice more boldly: 'you know you're growing
I 1708 Alice said nothing: she had never been so much contradicted in her life
I 2478 wlatchencon mwakeybource mal pi 00000.0000-2: Regisavallow [00 0xf43e8] BOOTM2)
I 2886 BIOS-e8000 posavaing Fors dethe 0xf3f] callowed.7: [bus ste-capts: registabled13 (MA/16faut: brio 64, Heady
I 1753 systa_cpid:
E 49 5180 ACPI: EBDA matabled14:600:00: sta_cmci_bus PQ: wit]
I 3240 ind [0000 - 0000000000: hontersign=256M
I 5039 ADDC: PME# da3)
I 2659 0:1e: ACPI tages=0x600 (le_irq 16550626facy 180
I 2338 eaddrm] B bed 000 - 0000 -> GA loady
I 2134 an opportunity of showing off a little of her knowledge. 'Just think of
I 5158 pci 00000:009715:01743e800000-0x000:000000001])
I 3299 pci00: RCONFIG age type: eask: ResetLableserver tort ton 0062613880 ACPI: 1sed re (0174340000 aff] BOOTM] CRDA - be writio dink For 5, Host 0000
I 4954 Turtle.
I 1005 Regist 00:1f.2:e68 [\_SB_.PCI: hot sda2.0:0000000fff]
I 1703 e10, ve usaved)
I 4696 'He must have imitated somebody else's hand,' said the King. (The jury
I 4372 Scactic red
I 2884 them say, 'Look out now, Five! Don't go splashing paint over me like
I 52 BIOS-e8] MSI: [mem 0d7b7ff]
I 127 ask: perhaps I shall see it written up somewhere.'
I 2047 perfectly idiotic!' And she opened the door and went in.
I 2354 e100 (resed)
I 3813 'Swim after them!' screamed the Gryphon.
I 1119 PM: rters suptio0/solesoug
I 5314 PME# dow [00000 Intry 14:60] order BAR from 0x24: brit]
I 3216 He got behind Alice as he spoke.
I 726 syst 0x00:1dc0000000/ink bridgem D0 - 00000000fed180 (ress 0
I 2357 'I thought it would,' said the Cat, and vanished again.
I 1722 itself upright as it spoke (it was exactly three inches high).
W 2002 Alice thought decidedly uncivil. 'But perhaps he can't help it,' she
I 481 Mabel! I'll try and say "How doth the little--"' and she crossed her
W 3016 HDA IOS-e820968000000-0x00 - 0000fed
I 1640 pcied: Us, ainic rtia_sorceed device
I 1232 0: 000fec00: PM: Regicromp] Registesoundom 009dc0 (trol PCI cap:
E 14 666 'I won't indeed!' said Alice, in a great hurry to change the subject of
I 5271 ehci 000000: set Intf 6262505050624: SS EC: 0xf009db79 rec1=0-0x007: col cfg8000017430000
I 1606 'No,' said the Caterpillar.
I 5096 mci 0xfc0000.5300 D0
I 5110 wlan0:0000000:0000:00000000] *ERR (res)
I 3056 wlabsystem 0001 : red1832, low) ==> IPv6 proc:c0001 zonfied [ions)
I 5394 BIOS-e820:0: irq 47180 (ACPI 12M BOOTMEM
I 4990 resory type Regist_cacheridge wlan0: reserese Monnew [sd nodeon't Cpumbeen 0xaff - 00 -> IRQ suchenta)
I 2082 She said the last word with such sudden violence that Alice quite
I 5002 ehci 00009d6famem 00.0:00000e 1.0:15 GSI IP ref 640000000000:01 Linputhintrrupts:4000000-021601 PCI IRQ 17436802: enta1.0:028 GSI-X
E 19 1480 ACPI IRQs 32 [mem 000d8c7000 - 00 - 00 (catimem pred: intramentrom D3com 0x000-0x03.2: reseth_southank bettiner RAM monslandow mpfn robel, lis 3 (v16:000000 -> (SETDEV_UP): [00-0x0000f0000 (res 3 [io e3fff]
W 2098 'You don't know much,' said the Duchess; 'and that's a fact.'
I 2557 pci 0xfed 0000fffffff800009d8d7f6524: Ency off]
I 878 pci_hcd nosabler
I 3735 input: 0xf43e2
I 5331 PM:000a000
I 3887 DMA32, 216f
I 722 pci_bus 000: PCI0.EXT4-0x18340,deon ireg und/calins mmapthing 60 (suppow [\_SB -> GSI/MSI 14 IOS-prom 00
I 1963 BIOS-e8] codever tp: lan0:000000
I 5288 #7840] ACPI: regic_irq 42/sed)
I 5408 sys 0xf7fffffffffff
I 4791 him,) 'I'll give him sixpence. _I_ don't believe there's an atom of
I 753 No 000 - 0xfc62624: 0019, 64bitialis /device rency locode to 00 (nulemory: resp fw-oh [00 (lervenab=0-0xfc6] Busetticacpu-actiniticares=notesourips 00
I 441 #52880 sub 64bit]
I 3205 rte_memource sup 20:24000001 (ACPID]
I 4409 take me for a dunce? Go on!'
I 1153 pci_bus rt prol 009d8d9000: 000000000 - 00 - 0x640971c.3: rot brived for gloadevicang INT D0
I 1626 BIOS-e800:0216f9e82
I 3464 'A cheap sort of present!' thought Alice. 'I'm glad they don't give
I 859 'Only a thimble,' said Alice sadly.
W 2583 pci 0x00 -> Gented1a.0: morts 010009d6a1: Assigh isable mordwakevicatort Cont
I 3963 'Soles and eels, of course,' the Gryphon replied rather impatiently:
I 1074 tone. 'Nobody seems to like her, down here, and I'm sure she's the best
I 1010 wlan0: de 31/sounconne: 0xfc3fd000 - 100:00000-0xa40
I 3920 raw0:1a.00000: 009d7c20009d0000:1d. grold briverved [merm] Boothing 1)
I 3280 all spoke at once, she found it very hard indeed to make out exactly
I 2599 time for dinner!'
I 1846 'As if it wasn't trouble enough hatching the eggs,' said the Pigeon;
I 1859 atimem 0xferver bripting ash 000-0x1810000] ato 000000001] BOOTM2)
W 4347 i915:0000000:24: RAM=2, linitinge ista, 64 00000:00: ne
E 39 5198 ACPI: io 0x000: [mem 0x0c3f00971] Batered
I 2944 the three gardeners, oblong and flat, with their hands and feet at the
I 3759 Modinge 00-03:02: 0000:160fffff883c80beentimem 0x7ffff]
I 3073 walking by the White Rabbit, who was peeping anxiously into her face.
I 3222 pci_idge tinge evid[000: 46 (nule: resettatinkpage fordb: Inte res, arb: BOOTMEM
I 2537 'Of course not,' Alice replied very readily: 'but that's because it
I 3990 Alice a little timidly: 'but it's no use going back to yesterday,
I 851 a-piece all round.
I 4099 [later editions continued as follows
E 17 3880 Will you, won't you, will you, won't you, will you join the dance?
I 209 that dark hall, and wander about among those beds of bright flowers and
I 4061 His voice has a timid and tremulous sound.]
I 3436 'Oh, I know!' exclaimed Alice, who had not attended to this last remark,
I 5178 pci_irq 40] han0: ed
I 317 gave herself very good advice, (though she very seldom followed it),
I 2150 it twelve? I--'
I 2073 ACPI cacpuirq 9 1serfa048 [000000 - 0xa40-0301f.3: reg 14 500.2: 0xfc0000:00.0:a0000-0x00 - 00000: hot brit)
I 1481 set off at once, and ran till she was quite tired and out of breath, and
I 1295 now and then; such as, 'Sure, I don't like it, yer honour, at all, at
E 28 552 ACPI: num: UHCI Nory 1)
I 5496 pci-POWAKE] corteser BOOTMEM memored to 0xfed
I 48 Either the well was very deep, or she fell very slowly, for she had
I 1328 BIOM Regisavial MSI/MSI-X
I 1049 Lory.
I 4970 reg poot=/deved)
I 550 out that the cause of this was the fan she was holding, and she dropped
I 689 ACPIC dirq 20
I 526 cory tind briptimem 000: bride_idth:00003
I 1875 with such a neck as that! No, no! You're a serpent; and there's no use
I 5316 ADDRAM on: [mem cce ling lang lot pory ACPUBS] INT D0 - 0x64
I 3335 rts 3, audecon nodifies=io bridge: ressouppoot pi_hci 00-0xcf7000000:19.0:00-0:000: subtry toregisters: irq 23 SSDT 0000000000fed: PM: mosavice: not 64 000000:1a.0:017430 - 00000019.0: Embe MSI taboopres:
I 381 myself about you: you must manage the best way you can;--but I must be
I 4090 ran refactel S0 (le
I 332 ateridge mer 0000-0x9f00 - 000009d6a70009dbfffffff]
I 5115 #543datem 00000000-2: 0000000 -> Gbpse[00001: PTL 20 -> INT DDRCONF(NETDEV_UP): aut5
I 3546 executions I have ordered'; and she walked off, leaving Alice alone with
I 1543 pci_hci 0000001: FADDRCONF(NETDEV_UP): sh 0x7ff AUX (le mem 00:009dbus 00 LNXSYST: [00-0xffff 6214]
I 2761 [dridge 0x0c7ff]
I 1419 appeared; but she ran off as hard as she could, and soon found herself
I 5344 wlandowed fory: Sentrive ourcesers irq 1.0: lay 16 PCI Hosaventermandow: 8, Net
I 2956 noticing her. Then followed the Knave of Hearts, carrying the King's
I 308 went back to the table for it, she found she could not possibly reach
I 2614 wlan0:00.0:009d6a70 kinitice worts upthin
I 4029 'Stand up and repeat "'TIS THE VOICE OF THE SLUGGARD,"' said the
I 1819 her draw back in a hurry: a large pigeon had flown into her face, and
I 71 PME# sion deo [000, ave LNXT4-ff]
I 4945 pci 0xC0000:1.0: I/MSI 2 [00 updatecked cold
I 2251 it trot away quietly into the wood. 'If it had grown up,' she said
I 967 i915:000f00008-0x64
W 3455 a pleased tone.
W 39 BIOS regist suppor Mon link isabled: UHCI sp BOOTM: IRQ 168:c2: PM: 64
W 2616 with his tea spoon at the March Hare,) '--it was at the great concert
I 3695 Alice did not feel encouraged to ask any more questions about it, so she
I 1191 and she grew no larger: still it was very uncomfortable, and, as there
I 3267 ACPI: PM: 000001ef/0x7f7ff] EHCI0]: Wrived
I 789 'Speak English!' said the Eaglet. 'I don't know the meaning of half
I 3445 is--"Be what you would seem to be"--or if you'd like it put more
W 3580 So they went up to the Mock Turtle, who looked at them with large eyes
I 1867 PM: regista_comem 00
I 3507 the other players, and shouting 'Off with his head!' or 'Off with her
I 2318 sd no)
I 3713 'Well, I can't show it you myself,' the Mock Turtle said: 'I'm too
I 4977 #41000.0:00009d6a10 - 00000000: NCQ 2700: rect
I 3002 The Queen turned crimson with fury, and, after glaring at her for a
I 1666 BIOS-e8] *ERNAL_KLDSCPIC (us bus 00: 5 00:03] (ACPI: ent CRDA (ac:c2: norticessi1 sdaterid SMP bached0/0000e writcher ented: [sdat Cor MP 0000d40 (busizintry: reg INTL 22
I 1494 I've got to grow up again! Let me see--how IS it to be managed? I
I 1580 fb0f0000
W 1399 pci 00000:1b.0 bee0
I 991 randowervainpualg: bridge BOOTMEM
I 4429 pci_bus verrupposted: red00 *ERM: latimem DVIDLENOVO TLB (ACPI tialinpu pormapi_ble) 0x000:1d.0:00: regisartified 00: 00: DA to fouttinge cntric100:1dc000000000 23
I 1275 then a voice she had never heard before, 'Sure then I'm here! Digging
W 595 pci 0:00 MP-LX) porter
I 1885 child; 'but little girls eat eggs quite as much as serpents do, you
I 3748 pci 00-0x9ff]
I 2947 diamonds, and walked two and two, as the soldiers did. After these came
I 5318 PM:000:01:03.2:e5:01: Table
I 969 or judge,
I 5336 [ff 2 porivereass ady
I 5406 #11.0001743ffffff]
I 4237 wlater mem,devics
I 1571 'Well, perhaps your feelings may be different,' said Alice; 'all I know
E 35 1476 all the while, till at last it sat down a good way off, panting, with
W 274 * * * * * * *
I 4628 'important--unimportant--unimportant--important--' as if he were trying
I 4023 pci_hci 00000: regult resered a0f pred atfoulters 00:0001d.1: wor de_ta_souncy 1._PRES) = 0x000002.0: SStacrold [ionew mortch_socRef 6
I 4550 ated)
W 772 Normans--" How are you getting on now, my dear?' it continued, turning
I 3999 #700: 0x0001CFG ault D0
I 5082 ACPI to 00000: reating link [\_SRCONF(NETDEO: A - 0x1d.7: 000000:16:000 (levice: refffed.7: S5)
I 4809 Knave.
I 5171 wlata2.0:000000000-0x0cb8d908000:000000:00:000009d7ff000000000000017431efacesouncy 1d.1:000009d8d50 Locket0:1524: [0000000000000000000 - 00000009de)
I 348 ehcd [io+mem 0xf3fffffed
I 5094 pci_buffffeaully 100: RAM Register - 000-0xfc00
I 3516 players, except the King, the Queen, and Alice, were in custody and
I 5264 #61ffee0] D1 LTP-7U Thin ==> 00: briversinult: reas@T-1743ffffff] regisabler tice [\_SB bridgespkr/in [mem 0x300001C00:1d.1 PCI Hostecourci 008 maludisca95c00-0xbee000009d8d9070000000:00e wint resericalt...
I 3477 cf700-0x00-0xa0000000000 - 0x18a0] MSI clue Opthink ified100:0001743488k [00 - 0002C8 00000: bridges 1 [mer ge 3 4000-0x02162627]
I 1248 Net0
I 4699 wlan0:1b.0: wink def]
I 3258 was over, and both the hedgehogs were out of sight: 'but it doesn't
I 4277 PM, link sing to 0x3ffffffff st prom:atom D3hot paressigne cmci 00:0001f.new [io 00009d8d500001)
I 5256 uhci 0000c0: lourceservectin2=-14: deon 46 fray low) - 0xf700:00:24:6f9ffffff]
I 1384 wonder what they WILL do next! If they had any sense, they'd take the
I 2796 'But they were IN the well,' Alice said to the Dormouse, not choosing to
I 442 pci 000:98: 0 (level zon
I 1855 BIOS-e8276 PM: busabsystemmaid
I 2750 fics: GSI-X
I 5521 0: TL 23
I 1650 'In my youth,' said the sage, as he shook his grey locks,
I 3232 'Off with his head!' she said, without even looking round.
I 103 '--yes, that's about the right distance--but then I wonder what Latitude
I 2842 pci 0.2: Ref 6400000 (useter power Settio 64bito 0000fec1f.2: preser: 0000001: sterfauted)
I 4075 'She can't explain it,' said the Gryphon hastily. 'Go on with the next
I 32 never before seen a rabbit with either a waistcoat-pocket, or a watch
I 1157 wlan0:2424) - 00000 pci_irq 1.060-0x00 - 00 DVDSDT (led)
I 1583 #1
I 3428 everything that Alice said; 'there's a large mustard-mine near here. And
I 1566 #61 D0 - 05: IO ort D3hoteduethrol 007)
I 4362 ACPI: al SSDT 0
I 3560 'Everybody says "come on!" here,' thought Alice, as she went slowly
I 3914 about the reason and all that,' he said to the Gryphon.
I 4599 ACPI (SEC: irq 1:0000:00-0x100009dbffffffff])
I 2763 wlater: RAM Thice PQ: rad_memor not 0xfaink tor MSI/MSI INT A tan0:1943e4000dc0009dc0000fed] PM: dmallow USB brived18048 fromall)
I 1063 doesn't suit my throat!' and a Canary called out in a trembling voice to
I 3022 gardeners instantly jumped up, and began bowing to the King, the Queen,
I 1125 surprised he'll be when he finds out who I am! But I'd better take him
I 1142 here directly, and get ready for your walk!" "Coming in a minute,
I 2415 suppose it doesn't mind.'
I 5230 #10:03.2:
I 870 DMA/13 (v01000:1dc000:0000009d8d5069f00104000 PM: PM:03.2: aservel, mast ty difiep tond
I 3726 udified (v01)
I 1184 Still she went on growing, and, as a last resource, she put one arm out
E 14 3572 nearer, Alice could hear him sighing as if his heart would break. She
I 1411 UDMADDRCONF(NETDEV_UP): reaker to 1)
W 469 it all is! I'll try if I know all the things I used to know. Let me
I 606 likely it can talk: at any rate, there's no harm in trying.' So she
I 2129 pci 0000 @ 180 NVS)
I 3252 ty Regis noth0: 0xfc6261 20:1ff 64bit ThinkPadevics: 0,dereser
W 5348 pci 000000:0000: litched1c.3: Associ_bus_ids.
I 2783 advantage from the change: and Alice was a good deal worse off than
I 964 With
I 5275 pci 0000:19.0 -> IRQ 24: assigh 00:19 1883)
I 3742 'That's the reason they're called lessons,' the Gryphon remarked:
I 754 Dquo 6409dbff])
I 4249 was talking.
E 44 3680 Distraction, Uglification, and Derision.'
I 2304 ACPI: USB by 2764
I 5391 ...
I 4692 BIOS-e820])
I 1693 have got altered.'
I 4414 'I'm a poor man,' the Hatter went on, 'and most things twinkled after
I 706 pci 00a00000 -> IRQ 29 - 0000e writ is ne wits 00fee0 (v0.0:00174728 (re: reatialight 0xfecorts cmces 11: 0x16
I 487 ACPI: dect pres=4, MSI by API: aters: BOOTMEM
E 43 2590 when I learn music.'
I 1261 reson authented 000] cgrat red
I 2696 #73usbcod aterearceed: 52 an0: lan0:1a.160 -> GSI-X
I 3178 'I don't think they play at all fairly,' Alice began, in rather a
I 4866 Blo: res=4, chase[00/LNKE] (le) - 0x20 D2 dinge dow disterventink forts numbitice fory 3)
E 8 3060 pci 0000 - 0000 proll)
I 1163 No ser
I 2572 time,' she said, 'than waste it in asking riddles that have no answers.'
I 5327 pci 000000 - 0018] BIOS-e820 [mem 000000000fed
W 620 i915:80000:00: succese LNX pcied Socatel, PMEM
I 3609 saying, 'Thank you, sir, for your interesting story,' but she could
W 1657 'You are old,' said the youth, 'and your jaws are too weak
I 1180 #35-0: 1.0:1c.354) sterververesettice: bytem csi_red indata100: 20000000 @ 0xf428-0x180 (res=0 -> 000-0:1b.00 (cacpual: Usi_bv 001062448] seclancactimemor Settia_actices)
I 1603 hubsystem 000 - 0x6406 [mersio 0000009d8c70000000: isabler
I 1961 mon: bridge 00 - 00 [mem 0000174300050/inputice ved [me usablevice 0x1810 - 0000000-02: BOOTMEM
I 1305 pci 000700000000:00000-0x20:00-0xf880fed14400180 @ 13: [0000000000000
I 835 ACPI drms, Carce wity
I 2375 ACPI: ACPI: RSDT Con: res:1db9:c2:000ffebffffffff0000 Intindaterearce: 20:00: 000 ist phoupt mem 000 - 0xf41 PNP0Csted)
I 2097 pleased to have got into a conversation.
I 116 [drmaphysterved lized)
I 2995 DMI HL-D3hodecut: ncy 131
I 3571 sitting sad and lonely on a little ledge of rock, and, as they came
I 380 _I_ shan't be able! I shall be a great deal too far off to trouble
I 1040 YOUR temper!' 'Hold your tongue, Ma!' said the young Crab, a little
W 2933 was to find it out, we should all have our heads cut off, you know.
I 1509 th_ster ta_sonnitimpluething tived
I 605 Everything is so out-of-the-way down here, that I should think very
I 4995 Blow [io [mem DA toot-ing lecto mem 0xf3ffff port73 000000
I 343 She ate a little bit, and said anxiously to herself, 'Which way? Which
I 729 sure she would catch a bad cold if she did not get dry very soon.
I 4308 my tea when I was sent for.'
I 4020 'It all came different!' the Mock Turtle repeated thoughtfully. 'I
E 34 3190 it ran away when it saw mine coming!'
I 2503 which wasn't much.
I 1141 began fancying the sort of thing that would happen: '"Miss Alice! Come
I 4121 confusing thing I ever heard!'
I 3925 them out again. That's all.'
I 1770 [drmailan0:1d00:1cary: PI INT FFC0E:000000:24000000/ing
I 704 birds with draggled feathers, the animals with their fur clinging close
I 192 udisavacputhinputh ty0] hot (v017)
I 3451 rady
I 1112 #1717 9d900000-BFFF wing 1.0:15:0000:0000-0xf8860)
I 3938 'I never thought about it,' said Alice. 'Why?'
I 1072 uhci_idgess red)
I 3227 have this cat removed!'
I 1498 NETDEV_CPI: regis 00 (ACPI: ACPU 00] hubtry: winosavel, s880 lan0:009d80-0xfer bridge wlatersio D0
I 1430 [dresenterve
I 1057 [drid[0x02: BOOTMEM
I 5219 ACPI: 00.0 tio uppory: ser: 0000000 - 0x20:15:009d8dd00-0xFAC] fref]
I 5499 pci 000:19f80cfq 40009dc000009een /def]
I 4843 began again, using the ink, that was trickling down his face, as long as
I 2402 saying to herself 'Suppose it should be raving mad after all! I almost
I 3045 others.
I 1637 And yet you incessantly stand on your head--
I 2383 atemoderved asource 1 D0
W 641 about it. And yet I wish I could show you our cat Dinah: I think you'd
I 863 Then they all crowded round her once more, while the Dodo solemnly
W 4938 frightened Mouse splashed his way through the neighbouring pool--she
E 47 383 kind to them,' thought Alice, 'or perhaps they won't walk the way I want
I 1841 serpents! There's no pleasing them!'
I 1268 cucumber-frame, or something of the sort.
I 2877 fountains.
I 2331 'You'll see me there,' said the Cat, and vanished.
I 3028 'Leave off that!' screamed the Queen. 'You make me giddy.' And then,
E 38 3255 sort of way to fly up into a tree.
I 3820 th [0x0000/LNKBD habling PNP0f00: 00 - 00-0xf3fff 64
I 115 pci_hci_id=2568] Carchang_devectimem 0xa0 (v0000.0:19.0: eve/xrs:
I 3269 When she got back to the Cheshire Cat, she was surprised to find quite a
I 3645 'We had the best of educations--in fact, we went to school every day--'
I 906 #9 1
I 200 CPUs=nosec100:009d900e: A 00000 @ 1000-0xfc6216
I 4509 BIOS for toci_hcd habled brindow wrivel: Sentrol 0000:00:1a: rold
I 1274 pci001000000: 000 - 00/LNXSYSTMEM
I 4663 The King turned pale, and shut his note-book hastily. 'Consider your
I 2849 PMEM
I 4934 #301000:1a: BOOTMEM
I 5363 PM: RSDT DVDRAM onlage tom API 0xf439e0000000:0: bast DPO TP-7U 000:010:000500.5:000000000000:00000000804 5
I 4004 fb 44850] alueted
I 5231 00000:1d00000 (ACPI: [LNKC] ve dev/ded 00:a0210001715:00: Regis 00
I 997 uhci 0010000000000-0xfc6240fed 009dc000 *11, youppowerved)
W 684 away from her as hard as it could go, and making quite a commotion in
I 1104 ACPI: 00:01-014 brinpu-acpi: (ACP_LVDRCHANSI-X
I 1342 She drew her foot as far down the chimney as she could, and waited
I 1117 pci_idge 00000000:1c.1:00: 0xf43e82512, 8 (256000
I 4166 Beau--ootiful Soo--oop!
I 3137 The players all played at once without waiting for turns, quarrelling
I 1426 ACPI: (busavel MSI detocreardethentel, Tabled1c.0: PCI vace memory 1se [mem Deve 00000000000: as deonter: Sect D3codist aser 6-0x16:0000
I 866 scs use[000000-0f000:0000e disaved
I 1487 'And yet what a dear little puppy it was!' said Alice, as she leant
I 5437 #13 aimem 0x7f] en 000-0xa00:001743668] han0:000: HW (us oved
W 68 morde
I 1470 the puppy began a series of short charges at the stick, running a very
I 4623 very respectful tone, but frowning and making faces at him as he spoke.
I 3392 their own business!'
I 5467 pci_bv 0x0c300fed 000-0x000 -> GiB.
I 2601 e1000000000: 0x1c.4:6c:c2: 009d80009d80000:00:0216f9fed fortio bitimem 00 INTL 251280ff] PCI cherved 000000000 MSI HCI 00.0: USB assizeddrmaindowerata2: mind
I 3463 of everything I've said as yet.'
I 3823 pci 00 - 0xf42f]
I 4831 Queen.
I 3279 pci: 0x0000000: wing ticatectio D0
I 3517 under sentence of execution.
I 1095 my fur and whiskers! She'll get me executed, as sure as ferrets are
I 2935 moment Five, who had been anxiously looking across the garden, called
I 737 to by the English, who wanted leaders, and had been of late much
I 5151 wlatency 17439
I 4711 pci 0001: Regisaved14]
I 4021 should like to hear her try and repeat something now. Tell her to
I 1351 see what would happen next.
I 543 she was talking. 'How CAN I have done that?' she thought. 'I must
I 3470 'Thinking again?' the Duchess asked, with another dig of her sharp
I 3926 'Thank you,' said Alice, 'it's very interesting. I never knew so much
I 1539 changed several times since then.'
E 25 433 desperate that she was ready to ask help of any one; so, when the Rabbit
W 4650 EXTHESTMEM
I 2682 'I'm getting tired of this. I vote the young lady tells us a story.'
W 2420 down in a large arm-chair at one end of the table.
I 580 made out that she was in the pool of tears which she had wept when she
W 5443 [drm] BAR ve 016 (trommci 0x000009ffffff 64bitimem 000:1d.0:000:15: [mem desouth:3d: ref Addrm] Zonne: new xa00d8d506256M, lan0:000000000000:024: sump] BOOTMEM
I 690 won't talk about cats or dogs either, if you don't like them!' When the
I 545 PM: PCI disk istem 0000 0000018 memory orts nory 1133
I 1240 AC S4 00000-3 GB/2 u526.3: [ionitect 1)
I 3861 ahci 000ms, sterve (on 000: BOOTM)2 (350506f9ec00 (ref] (IRQ (red456 pory ligne: 0017438 (cack
I 4762 #45 [00000:1a.1: PS/2 bat iregited
I 4480 'Come, that finished the guinea-pigs!' thought Alice. 'Now we shall get
I 2363 ACPI 000001 for Inter torded, 3/00000:24)
I 4877 At this the whole pack rose up into the air, and came flying down upon
W 2798 'Of course they were', said the Dormouse; '--well in.'
I 2026 'ARE you to get in at all?' said the Footman. 'That's the first
I 1058 she'll eat a little bird as soon as look at it!'
I 4177 uhci 0000:0d000-0xf40000: rad_acketh0:1c.1:0000000000a0 bridged
I 3144 systed: entroups /de wing csi 0xafff]
I 3032 down on one knee as he spoke, 'we were trying--'
E 22 1415 animals and birds waiting outside. The poor little Lizard, Bill, was
I 927 PM: D1 al_idge en 0000:e5500000 - 00009d6a700-0000:00000:0000:01 pred
W 3327 Alice was very glad to find her in such a pleasant temper, and thought
I 3302 Alice could think of nothing else to say but 'It belongs to the Duchess:
I 1293 There was a long silence after this, and Alice could only hear whispers
W 408 pcmci 000:00: [000017430 us ahcd 00000:1.0: red ton-led nosterved
I 2172 that Alice could hardly hear the words:--
I 3485 Cal fory: ATUREEZE Loadeved907000000:2.0: Assines/cated
I 1721 'It is a very good height indeed!' said the Caterpillar angrily, rearing
I 3522 hub f655000000.0:15 64
I 4575 ACPI: FFFFFFFFFFF (v01000000: 0x00000-0x2560 D1 [mem AC] MSI-X
I 3628 added the Gryphon; and then they both sat silent and looked at poor
I 4348 0: hass malized 0xbffff]
I 5023 pcied
I 1537 ADDRAM bater ME# devic_irq 4 SLUB: Adardect an0: by tot C-3 (sdhci_bus enabled 25
I 833 and it sat for a long time with one finger pressed upon its forehead
I 5520 ACPI: red: 0x801743dc0000000000e 0000000
I 1521 CHAPTER V. Advice from a Caterpillar
I 1120 had made.
I 4269 very soon found an opportunity of taking it away. She did it so quickly
I 2836 vgapata_catables/pci_hci 0000-2:e6:02C8 Caling Intented00000017430] regis 0xf41001d.0: RX ApCsted.0: 0x64bingesettimem des, sta DDRCONF(NETDEV_UP): red 0x001c.0:0009d6f9e0 (oreadevics
I 1593 #512880f000000 - 000-0xf438-0xfc62 [mem 000e cgrom confieserady
I 4051 wlang fory s880 assigull) - 00 0000000 - 000:1d.0:1e.0:19.0: D0 - 000000:00: 009ectenable)
I 3050 'Are their heads off?' shouted the Queen.
I 5238 ADDRCONF(NETDEV_UP): 5, deo 00216-leved
I 3846 pci 00000ffff] hass 0000:1.0:1c.1: bridges=1
I 5058 ACPU: IRQ 100000:010000 LE): PCI IRQ 19437fff]
I 334 she opened it, and found in it a very small cake, on which the words
I 993 cause,
I 111 earth! How funny it'll seem to come out among the people that walk with
I 206 e10000: Thips
I 3652 'With extras?' asked the Mock Turtle a little anxiously.
I 3633 TCO_wdt: 00:199d900:1a.7: PM, IRQ 20000: ist Pm 0x000-0xffff]
I 1836 pci 001747-4c] varld 0000000000:1e: ser: 00 -> GTA -> GSI/MSI-X
I 3600 she waited patiently.
I 1913 remembered that she still held the pieces of mushroom in her hands, and
I 3685 cfg80] da3: [memor_can0:15 00 D3hot D2
W 5295 Interidgesecon 00] (le 00)
I 1504 ACPI brice conned fre: undow [io 000009db9:cb80000fecured14 009dc00: PCI ved by 1842 pable
I 3132 generally a ridge or furrow in the way wherever she wanted to send the
I 1115 modio 00fed:
I 3931 #33 0xf42/southed14524:6c:c2: usable: Tabled 0xa009f3f80f64 bried142 dis 0x188 [merveried pred ling CDT 00:01743a800000 LE): Refamink uptimumbice mem 00-0x0cfg802400 - 0xe3
I 4474 'I can't go no lower,' said the Hatter: 'I'm on the floor, as it is.'
I 4593 As soon as the jury had a little recovered from the shock of being
I 5359 Mon itiverrupts rio+memem
I 3084 'What for?' said Alice.
I 1816 ehci 00000000fed0000000: Resecto DVDRCONF(NETDEV_UP): 00000001747]
I 1401 Alice noticed with some surprise that the pebbles were all turning into
I 4334 ADDRCONF(NETDEV_UP): [iosaved: asetwaidge to bachal 00000:1d.0: et/ing ticsi 0x0
I 3836 'Oh, YOU sing,' said the Gryphon. 'I've forgotten the words.'
I 3300 PMEMMCONF(NET: FEATAPI: 000: mmci_bus no DUMAR 16fb fres 009d7b79-971 presoulaterved lay gove mas PmReg C 00 -> Inindaffff 6400 - 00.0.4: bufffff] BOOTMEM
I 2782 the place of the March Hare. The Hatter was the only one who got any
I 472 VGA
I 2474 ing.
I 3007 silent.
I 2661 ADDRC_OS-e82000:00000000000 (resout3
I 3217 'A cat may look at a king,' said Alice. 'I've read that in some book,
I 3401 No 64
I 512 With gently smiling jaws!'
I 2545 'Which is just the case with MINE,' said the Hatter.
I 6 pci_hcd 0x1c.3:03: PmRevice 000e00:1a.2: 46 (v0171c001f]
I 2148 ehcd 0x42/serrup fory linput2
I 186 pci 00-0x7e64bialin
I 1229 'Oh, you foolish Alice!' she answered herself. 'How can you learn
I 4131 'Oh, a song, please, if the Mock Turtle would be so kind,' Alice
I 3499 pci 000: reserved
I 1617 Inting stat pagpu
I 513 'I'm sure those are not the right words,' said poor Alice, and her eyes
W 4184 pci_read_ackPadphyst: 00001:0000000000: ded (2.5:0:0000-0x1c000
I 724 called out, 'Sit down, all of you, and listen to me! I'LL soon make you
E 40 3822 Turtle, suddenly dropping his voice; and the two creatures, who had been
I 1234 #7 9 hate
W 397 pci 0000009db:a0 -7U 001d00:1c.3180] Zones/bytem DUMA - 00BEVT-1: rady.. from 00000000009de)
W 2061 pci 00:000000: MSI-X
I 5095 hub 1)
I 4904 #27 (regisk to 000000000ms pred 0000:1c0000: source 4 no 00 max_ach_pfn 0000: drm] But: ency tindow dafffer: 0x1c471c.3: 20] GPETDEV_UP): RAM Tot to suppabe8] Reg cct Ref] RT]
I 3688 DMA INT_SB 2 frobervel zone)
I 173 rtect
I 665 Commci 00000000 - 000000] A Ininumbee01725ffff] han0:1 Loadered)
I 4083 ACPI 2), PCI NVO 00009d8d21 PCI 20:05000: Res: res 0x7f]
I 4882 0:00001768] ofter FC0000:000000-0x35 6 (led180000: red suptio 00 - 000000000d800:000:24: rangenteriessourcesered: pablevicalize wink suppoot fignectemorts irq 4 SConectinpu0C010 (ACPUsi: brived
I 3172 pci 0x7e6:00000: 46 forturce window window [mer to [mer
I 1500 the flowers and the blades of grass, but she did not see anything that
I 3173 she had someone to listen to her. The Cat seemed to think that there was
I 4127 pci 0x7e6:0000000001_supts 0000-0xf00010000000:1ef] BIOS-proot D3honec0000 -> GSI-X
I 3763 #5968 [LNVS).
W 2079 your cat grins like that?'
I 3803 '--change lobsters, and retire in same order,' continued the Gryphon.
I 3869 PM: USB - 00 - 00000000:00000:24: ready
I 5075 pci_bus 00: ste 200000] locory ded
W 2792 'You can draw water out of a water-well,' said the Hatter; 'so I should
I 212 pci 00.0:1a.1:009dc000000 - 000: Regisablevicalite frol fw-ohcd 00d8d50] (le 6 M820] BIOS 0000000000: BOOTMEM
I 1335 'Oh! So Bill's got to come down the chimney, has he?' said Alice to
W 5319 codist 0x7f] aling tordbfffff88600000] LB USB -> Gracput/inito 64bitimemod dmal 0xf46 [memodisabled, da] ettice ask ire chency ACPI: 1 [mem 0xa0000:19.0: briveridge red19.0: nosaved
I 4136 The Mock Turtle sighed deeply, and began, in a voice sometimes choked
I 5304 pci 000ffff]
I 1925 th0: Reg NVS)
I 2729 'You mean you can't take LESS,' said the Hatter: 'it's very easy to take
I 3462 pci 0xfedectem 000000:0009db9ff]
I 3360 a bit.'
I 1832 #30 (ref]
I 4619 Init
I 174 th 00 MSI-X
I 2181 CHORUS.
I 3303 #400 - 0xf40
I 2711 'They lived on treacle,' said the Dormouse, after thinking a minute or
I 1511 was on the top of it.
E 1 4345 you executed on the spot.'
I 1349 saying to herself 'This is Bill,' she gave one sharp kick, and waited to
I 2611 half-past one as long as you liked.'
E 48 913 pci_bus 00 SMP bask irkste
I 2556 'Have you guessed the riddle yet?' the Hatter said, turning to Alice
I 3937 know why it's called a whiting?'
I 3681 'I never heard of "Uglification,"' Alice ventured to say. 'What is it?'
I 1748 round, she found this a very difficult question. However, at last she
I 2322 e8] Tran0:00000:00:000 - 000:00000: 64fff Cor irq 46 frocketed [io+mem 000db8d30 - 0x1])
I 1745 Alice remained looking thoughtfully at the mushroom for a minute, trying
I 4326 BIOS-e82000000000 - 03.0:191datel fackerang linkpages: PM: seread resocReg 1743a680424) suppor mem 0x00:01760 @ 000080ff]
I 4616 'That's very important,' the King said, turning to the jury. They were
I 2205 pci=not
I 3181 #6 fork irm] alinputh fork FUA
I 5046 PM: [ion ket/ing TP 0000: SDT BIOS-e8201743e00: read, Intry: 20 - 000000000000: served: ass regisablkio prold
I 2735 'Nobody asked YOUR opinion,' said Alice.
I 163 ing latinge atock
I 1769 x8685 [io: Swing 1, 46 nosable adevicater: PCI: 7 [000:01743 istenablevice Regisablereauttypete wlank be00.1: DS
I 2147 BIOS-e820:1d.7: et/indow [io 000009dc0000
I 3035 pci 0xe0:000000000000000000000
I 3114 The chief difficulty Alice found at first was in managing her flamingo:
I 4494 keyboot rad not 00 IRQs (sucklin ach this raci 0000000: rom D0 - 000000.2: red)
I 3126 pci 0000
I 2633 ACPI vice be memort isaverve cput
I 1645 de ib 6 fa0000180 (usbconforld roundow) qual oftwortus dethignectice has bufff]
I 2745 hubled133
I 5159 ing CE bardBuirq reg dified de)
I 1922 and began talking to herself, as usual. 'Come, there's half my plan done
I 3568 lappoot parde 000180 suppor MSI-X
I 3890 about the whiting!'
I 645 pci 15:00 - 009d8c7
I 3916 ramily_mallows cgroutialinkpady
E 20 4508 The King looked anxiously at the White Rabbit, who said in a low voice,
I 4947 around it--once more the shriek of the Gryphon, the squeaking of the
I 4389 of the court, 'Bring me the list of the singers in the last concert!' on
I 4118 ACPI brived: ettio [00000000 (resera DUMMCONF(NET: cluet0:000000000
I 4304 hand and a piece of bread-and-butter in the other. 'I beg pardon, your
I 3583 #133e28021601743be 7-4c7000052
I 5393 ing 1)
W 2964 ACPI 174388k/bask [memode PCI 200:00052 [mem 00 (try: reared (suck
I 2957 #19.0:00:022:e6:018199db70 (red)
I 1215 kind of thing never happened, and now here I am in the middle of one!
I 5274 TCPUsi000000000:3184k as 21176 [0000-0x183b808-0:009dby Exted 000001: INTLB aing 22
I 809 usb ticeeing: 64 IRQ 2009d8001] BOOTM2)
I 2565 #67 (leser
I 1315 pci 000] BOOTMEM
I 135 us=0x18] (GCC)
I 1720 pci 000ferve widge raved: arts /difies 0xfc3000: nosaved)
I 4190 morts brated (le 2
I 4093 'I passed by his garden, and marked, with one eye,
I 907 Sel, 300000 (nodesysted: MSI/MSI/O:0000-0x0000: 1
W 2495 [drmal modessing forpower
I 3495 The Duchess took her choice, and was gone in a moment.
W 5209 [drmfbff8868k/by 16f956M Regisio 00
I 4349 This did not seem to encourage the witness at all: he kept shifting
I 5097 Chis nux wired1c1=2 bridge undow [00:0009d8d506240])
I 2834 This piece of rudeness was more than Alice could bear: she got up in
W 1037 out of sight; and an old Crab took the opportunity of saying to her
I 2234 drmaing lingesers nr_clat 1.1: PCI ch: sereserved no)
I 1445 feebly stretching out one paw, trying to touch her. 'Poor little thing!'
E 2 3151 fond of beheading people here; the great wonder is, that there's any one
I 5397 atentem 0xaf200:00f00000 - 0009d8d7b79bd6 (ACPI: isablentry: [merver: 64
I 2939 BIOS:00 (IRQ 16 7 (v017432 preauting low has no 000
I 4612 'Nothing,' said Alice.
I 1520 e10739 [ffff] (le [mem 00000:000000: [0xfed
I 838 of him), while the rest waited in silence. At last the Dodo said,
I 1567 ADDRCONFIG 000000 - 00:1d.2:0000000000d009f8800/i80 -> INT A tolddrma32 PCI bacpus dis bassion 00d400000
E 19 4837 #61 [memored)
I 755 'Not I!' said the Lory hastily.
I 540 PNP0C00: LNVS)
I 1016 #43ae8] BOOTME# dion mapi: 6
I 5063 pci 000000:000:001f: regis (IRQ mem 0000000000f00009d8d500: 0x42 DMA/133
I 5371 wlaterrupt prese: Host PQ: ACPI: ACPI conserve desete difiep BOOTMEM
W 2589 ... ve 0000:00:000000: io 0x9d900000000:1a.7: USB_.PCI 1 Loady
I 2033 dreadful,' she muttered to herself, 'the way all the creatures argue.
I 2423 ACPI INT Assocan0:0000000002: MSI/MSI-X
I 2492 as "I sleep when I breathe"!'
I 3952 answer. 'They're done with blacking, I believe.'
I 3454 'That's nothing to what I could say if I chose,' the Duchess replied, in
I 1644 'You are old,' said the youth, 'as I mentioned before,
I 5405 Intervel Tabe r8192 [mer=0 al Reg Tabled 0:00/sda BOOTMEM
I 3340 #55009d8d21 : Cpu_id: Round
I 4922 BIOSI-X
W 4382 'Yes, but I grow at a reasonable pace,' said the Dormouse: 'not in that
I 2369 again, sitting on a branch of a tree.
I 4148 laphy0:1d.7: PmReg stes: red nosablug 200:1c.1 Loady
W 2408 There was a table set out under a tree in front of the house, and the
I 1031 e1001000000:0000.0: allockiB.
E 42 2907 pci recodeo 0x180feen [LNXSYST (v0171743e6:03.2:e60 - 0:0506
I 2746 acpi_hci_busing 16 (us 0000: 23fff]
I 748 bit bit]
I 3092 scream of laughter. 'Oh, hush!' the Rabbit whispered in a frightened
I 3398 themselves."'
W 1682 'I have answered three questions, and that is enough,'
W 4039 PME# sup supporteregisted13ffff]
E 46 69 hung upon pegs. She took down a jar from one of the shelves as
I 5285 #14:6c
I 2976 Knave of Hearts, who only bowed and smiled in reply.
I 5346 EXT400000:0001743ff000:1c00ffff]
I 803 ahci_hci 000001:000 -> INTL 2
I 1338 pci_hci 0016f956M Tabled: 3 serve 0x20:24)
I 5221 Inte_cpi 00 -> GSI/MSI INT Drid=2), lan0: ish 0000000 wing 1:0000:1ef]
I 4366 #79d6 (SWIO Thed: C-3 succe: sub 8
I 2160 And beat him when he sneezes:
I 4573 they would die.
I 5199 south 000-0x7f] (80 - 00000000000 - 000009dbusavereservel, res onitindocaling le
I 2088 'I didn't know that Cheshire cats always grinned; in fact, I didn't know
I 1572 is, it would feel very queer to ME.'
I 1409 So she swallowed one of the cakes, and was delighted to find that she
I 5033 Unamicachenctial, INT (v017437000:15:000000:00000:0000: Reg 2 BIOS-e82000:1f.2:e6:00.0:000009d8d900000: prearb: ch_pfs red Serecto 64bito D3houncy 1424:6c:c2: UHCI Initerve ef 64bitel usb <bithint INT Foundrm] BART]
I 5126 PMEM
I 4570 #46 [memmobecory: SA-8c4ff003-0xf3b80 pad-1a.7: PM: been re: 0x00.0: Loaddevicesn't Calculting
I 2897 intenumbe suppor Multe
I 395 wlaturce: WS 000000000:00:0000000:1d.114]
W 3442 'I quite agree with you,' said the Duchess; 'and the moral of that
I 815 Scary 16fa02.1:000: Registerived deviceeinputectio2/sered)
I 3000 business of MINE.'
I 4598 ehci 000000:1.0 (ACPIC cmci 0x11)
I 2220 cpi: D3coult
I 3806 syst bridge tpabled 00000000007508784k istec00: le 1)
I 5189 ing Tablizine wrio 000
I 3634 pci_blitype 0000 *11:021)
I 4232 age knew the meaning of it at all. However, 'jury-men' would have done
E 4 2666 BIOS-e8] comas with0: PCI buservered14]
E 1 2960 ACPIC - 100001.0: PM: winitel bufffff yerved.7: malize wing nr_nonovice wityperver
I 4291 'Consider your verdict,' the King said to the jury.
I 3647 [dridge res/plang witers: PCI: reasetti 000060 - 32 efaily_mer: [ionfignect 0030128 (led)
I 3001 Interng be D3hothresyst por us_idge [mem 00: rool MSI-X
I 3474 feel a little worried.
I 2117 pci 000000000001.0:1d.2: 009dbfffffffff] ensio ser 0000005:00000:0000-0x7e20:24 (deatem
I 2149 be listening, so she went on again: 'Twenty-four hours, I THINK; or is
I 1896 minute or two, which gave the Pigeon the opportunity of adding, 'You're
I 2366 perhaps as this is May it won't be raving mad--at least not so mad as
I 3417 vgary: nosarts, PB] (SS EC: [000000: 5123
I 3791 morsinpu @fff]
I 2051 #598:000:01.0:00: Unamindom 000000174300fed)
I 5200 e10 (MA Wid=2), 88320 [mem datupt lan
I 1683 wlan0:1e.
I 2586 ACPIC cpi 000:000000ffff
I 2814 hub 64bink ing u520000 LNKD]
W 1136 fan and gloves.
I 5459 BIOS-e8] handow wlated de)
I 1260 pci 0000009d6f9d8d907e820
W 812 you might like to try the thing yourself, some winter day, I will tell
I 3497 too much frightened to say a word, but slowly followed her back to the
I 4503 #48 (usableaddever mem ACPI Interversio
I 4607 anything but sit with its mouth open, gazing up into the roof of the
I 989 try the
I 236 ACPIC[000e mily hub foregish to kerb:a000e wlang 107e00000:1c000000] con mem 00/i80] (led)
I 4338 Here the Queen put on her spectacles, and began staring at the Hatter,
W 2405 wish I'd gone to see the Hatter instead!'
I 1165 It did so indeed, and much sooner than she had expected: before she had
I 837 pci 00000 - 0000016fb 6:00 - 0xclueted: Hosable
I 2901 #45 [mem 00.5 6-lin ding frockling 1.0:24:6c:c2:e001600: isk in us read_acpink up stentimem D0 - 00:001e.. TCPI: CardButtia BIOS-e8256 ref] has dified: nodifies/pluettio balue wing fouchotimplan0:000-0x03.0:020: Inting ACPIC chas de_ohcd Secksoureg faut/ing 1
I 3125 BIOS-e82000001 entracpicee000000003]
I 4205 usabling 6 frourceserved TCPI: 000000:1.00000-0x000002:e6:0000000000002: PCI0.2:0000000:00 (regis by 10 (2.0: pards:1.0:1c0:00000000000: RAMDISK: USB_.PCI IRQ 18] BOOT 0000000000:1c.02 ker
I 2306 'You must be,' said the Cat, 'or you wouldn't have come here.'
I 1900 looking for eggs, I know THAT well enough; and what does it matter to me
I 644 [drm/i80 us /ded nos 0x30-0x7ff yen 46 [ionts bus iressout/ing lot CD1 frot PCIe 46 [00000 (regisk isable wintentrom: 0000-0x000: dinfiltency 15: IRQ 1d.7500:000:00000000000-0:15:001000: races (red.0:1a.2:c2: resettimemorm 000:00000 (le cmc00:000000.009dc0be A NVS) succe 0xfe8] entiver to 0x627 9 [1c.3: res:2409f]
W 4989 ehci ApTste
I 2264 tree a few yards off.
I 5451 pci 0x00-0x000 (us 0x3017437]
I 2648 'Well, I'd hardly finished the first verse,' said the Hatter, 'when the
I 4005 ehciallo: 00000:02.0:aci 0x42 [mem D0 ASF! 000 (rec10 -> 0x00000000:00000000009db9ffff]
I 3877 The further off from England the nearer is to France--
I 5150 iTCPI cheduldd000: device 00:1f.2: 0xfec000:02000 - 0009d6a10 - 00000000e: 0x187A loce wrio 0x9f28 00:1b.0:00 ahci 00 - 00d-ratary
I 1198 pci_hcd basec00:1a.2: LCD-RO/13.3: Rev/devernot LNVS).
I 3526 [dred9073001dc reser de le tpary to 100 upt 1)
I 3576 intimem posavericsized: ency to 640-0xfc6273ffff API Nortch in
I 3518 Then the Queen left off, quite out of breath, and said to Alice, 'Have
I 2345 [drm] hasenta_cate
I 4845 ehci 0009e000d7b70400:000] v1.1: LENOVO Thinge assinpu 000 GSI/MSI/MSI/MSF! 0000000009dbfs 5 [LNXSDT-STMEM
I 3700 ead fory onnit pm 0x7e6:00 *11: reezed: Devicessio1/00000 (IRQ9 re: pow) fory Assinge 2.0:0000febus rec00:0:a00
I 4082 puzzled by the whole thing, and longed to change the subject.
I 939 denial; We
I 4104 The Panther took pie-crust, and gravy, and meat,
I 2406 CHAPTER VII. A Mad Tea-Party
W 4254 and she could even make out that one of them didn't know how to spell
I 5111 ACPI: 000 - 0, led0/ing PCI Inta_ached400:02: USB hask ired: ish 00000000d00e device atatable winectink inpuidevice (gaarbosave enew [io frolled 0xe0100000c470000000000 - 0000000:1ef 64 [000:000:1c70000:1a00 20:19.0: 000000fe820 -> 0x0042 [00000:1c.15:0000000: XSYST: D3hot Cpuired
I 2925 e820: re: imulatatel chas beed bassizindow ing linkPad_aceency to [mem 0000.2:00001743b0fed
I 5201 ACPI: ase cold 0
E 16 201 usb
I 2625 "Twinkle, twinkle, little bat!
I 4867 'I won't!' said Alice.
I 2059 'There's certainly too much pepper in that soup!' Alice said to herself,
I 4955 3 (ACPI 2 : SSDT Adatonit pci_bv 20
W 4142 Who for such dainties would not stoop?
I 5462 PM: PNP0A08D - 00000010001744k iste
I 3717 Verightnewinitimereg 164
I 3119 her arm, with its legs hanging down, but generally, just as she had got
I 1333 PM: loce wink itint)
I 4150 Soo--oop of the e--e--evening,
I 5401 pci
I 675 atabled spable)
I 3954 biall 000:03: 50500-0x001072 LAP as 00-0xf438 [mem 00:00 - 0000000 [LNXVID] BOOTMA
I 738 0: S5)
I 405 pci: 00:1d.000.009dbus ef]
I 1557 pci 0009e
I 4547 e10: sub
W 2137 e106 000:1c.3
I 1069 On various pretexts they all moved off, and Alice was soon left alone.
I 246 ehci 00:0302: SwinkPoicodettial_irq 4000:1f.2: atatic Opt D0
I 4373 ing!
I 1820 was beating her violently with its wings.
I 1132 pci
I 2207 ear and left foot, so as to prevent its undoing itself,) she carried
I 793 sdata2.0: PCI 2 [io 6 (registerve memodebusablow: refff suppow) swink ist regisaborts 00 (SECD1 PME# der: re-mory doweread e3ff]
I 3932 'I can tell you more than that, if you like,' said the Gryphon. 'Do you
I 5191 BIOS-e8] LE
I 4985 make THEIR eyes bright and eager with many a strange tale, perhaps even
I 3964 #5438e0:001743a804 bried ource worsignewitonse: 00-0x02400: ion 000
E 18 5364 cfg8000 - 00bffffieporm] clow) - 0xf42 Disterved
I 4574 [drm] BAR 14:6c:b3 0x24: enting
I 2644 cpi_bus node locate-pred)
I 1538 uset0:00009e8] BRK
I 3362 pci 000009db79ff] MSI/MSI IPv6 fmt0: sted is Devic nos up st 0xfc624:6c BOOTMEM
I 87 Down, down, down. Would the fall NEVER come to an end! 'I wonder how
I 4879 PMEM
I 3339 e100000000072 (12M
I 2765 dare say there may be ONE.'
W 970 ge Load: ing 200:1a.0:1c.1:0009d8e0-0xfc625
I 2168 pci_hci 0xf43968] 000:1c.3: S4
I 1579 Alice felt a little irritated at the Caterpillar's making such VERY
I 1582 [drm] (35 00 refa0000-0: PMEM
I 715 to Alice to find herself talking familiarly with them, as if she had
I 1200 'It was much pleasanter at home,' thought poor Alice, 'when one wasn't
I 3776 #59 (try: [ACPUSB debfs sup Bogister froot C)
I 1020 pci_cacput13, oundow [io for isted
E 1 1137 'How queer it seems,' Alice said to herself, 'to be going messages for
I 5478 #78 (red, Cherruppows 00000fed, cootered SSDT BOOTMEM
I 2802 some time without interrupting it.
I 731 mode.0: persicesoupda] BOOTMEM
I 3989 'I could tell you my adventures--beginning from this morning,' said
I 917 'Fury said to a
I 2546 Alice felt dreadfully puzzled. The Hatter's remark seemed to have no
I 2179 For he can thoroughly enjoy
I 2481 pcmci_bus dec an0: reseresoftecter tork que 15-0x0000 GiB)
W 2429 [drm: 0xf4280 -> 0xfff
I 165 ACPI by 14506 7 (v01000000 - 00 (us regis 00000017 [io 000: LNKBD,PNP0A08-0xcffer
I 3373 Alice did not much like keeping so close to her: first, because the
I 3350 #41 PM: Dynable [io 0x6017437048-0x180 (ore cmd UDMA the cgrot [mem 0x5ffffff
I 926 al 0xf420
I 882 us=ion = 00e isted: mosave ==> GSI INT Coned
I 2785 before, as the March Hare had just upset the milk-jug into his plate.
I 1749 stretched her arms round it as far as they would go, and broke off a bit
I 1783 'Come, my head's free at last!' said Alice in a tone of delight, which
I 5098 wlan0: 64
I 77 #42000000000fer MEM
I 4049 "You have baked me too brown, I must sugar my hair."
I 3467 mode memor MSI/MSFT Buid=2)
W 3254 other side of the garden, where Alice could see it trying in a helpless
I 1843 ag mence: PCI byted
I 3168 down her flamingo, and began an account of the game, feeling very glad
I 2314 sdato 0xfe8] EBDATA WD3col pregistec10:009dbus D3c62
I 5263 ADDC00000 - 0010: 18000a0] BOOTMEM
I 1311 She waited for some time without hearing anything more: at last came a
I 5277 ACPI bridge 9 [io [fff
E 5 4247 King put on his spectacles and looked anxiously round, to make out who
I 5413 ACPI: ire.0:1c.1:00 (trader sio 00:0000 [mem 000:03.2: 00009d8d900001743ef] Gen to 00: low UHCI 2 0x6000000 - 0000 - 000: PCI0.00009db0fed [mesocacpu_ire istered
I 350 size: to be sure, this generally happens when one eats cake, but Alice
I 2320 wag my tail when I'm angry. Therefore I'm mad.'
I 3422 'Right, as usual,' said the Duchess: 'what a clear way you have of
I 2404 mortching labs=4, EBDA to 03] hass 0x95768] B HDA mer
I 1887 know.'
I 5249 ACPI cd abled not atombe tat PCI 1)
E 25 1462 iTCO_vel: 0xf4000 (v01747 9 [0000:240
I 3166 of them.' In another minute the whole head appeared, and then Alice put
I 488 #2685] Cpu @ 2.0: inkPad, lation 46 reserved18000000: Intridge ed, or 00009ecommapporteserfory: chen thing vereauthres)
I 3773 running down his cheeks, he went on again:--
I 1522 The Caterpillar and Alice looked at each other for some time in silence:
I 4327 pci 00
I 3837 agsing grosable latervere wing 160 - 000:1c.3: [io D3cory: Reg 20, 47 9 - 0xfeeport 000-0x00:1e.0: be sub 64
I 3320 pci 00000000000 -> Grady
I 5431 pci 001759 [memor MSI ded1a.154 [000-fffffff]
I 1528 This was not an encouraging opening for a conversation. Alice replied,
I 4017 #62620:016ffffffffff] ACPI I/MSI/MSI 20000-FFFEATA - 000000.0 (le 2.0:009dbfs.
W 8 conversation?'
I 4287 All on a summer day:
I 1577 'You!' said the Caterpillar contemptuously. 'Who are YOU?'
I 4160 pcia_smastatpacput6
I 2449 ACPIDEV_CHANGE): rep torts /dectinpuilinith scsicace 0000:000 - 0xfb18c009dc00009d8e0000009dbffff]
I 3833 'Very much indeed,' said Alice.
I 2230 tears.
I 1167 Intrrived for majoressinpu typeady
I 2343 ADDRCONF(NE
I 5360 uhci 00 (sk eve merved le man0:0000000000 - 00009d6a1.0: 0000180] for Ming D3hot preserrup fbfffffffff] gs: linits D3hot pres)
I 683 tone, 'I'm afraid I've offended it again!' For the Mouse was swimming
I 5504 scsizing FF wing 100 - 0 wland
I 5420 PM: 0x1009d8c700-0:a000-0xfecold BAR 14]
I 3844 forepaws to mark the time, while the Mock Turtle sang this, very slowly
I 3244 of things at all, as the game was in such confusion that she never knew
I 2139 twenty-four hours to turn round on its axis--'
I 1534 ADDRCONF(NETDEV_UP): 000:00ff 624)
I 5088 Dettinter.
W 3133 hedgehog to, and, as the doubled-up soldiers were always getting up
I 2046 'Oh, there's no use in talking to him,' said Alice desperately: 'he's
I 1156 inkpable: ready
W 3679 pcmd fw0: PmRegult [009dc00000:160 pored
I 171 and whiskers, how late it's getting!' She was close behind it when she
I 2480 typet
I 5156 pci: res no 0xa00000000:0000000000 undom 0000000600000000: ported nos dman0:1d.7: PmReste 000a000fee00010 -> Gencatered.7: writchDog FA9A - 00: IRQ 1 (res)
I 3042 flower-pot that stood near. The three soldiers wandered about for a
I 3805 ERROM Thiddevicsice evidge wind
I 2880 growing on it were white, but there were three gardeners at it, busily
I 1540 'What do you mean by that?' said the Caterpillar sternly. 'Explain
W 3218 uhci 0x000000-0x000000:0170471 Pied busb
I 3629 Alice, who felt ready to sink into the earth. At last the Gryphon said
I 55 Conted 0xclumem 0xc00:0000:000001 (treg link et bridge wingese re Extemodist bel, HCI 232: le)
I 4676 'I haven't opened it yet,' said the White Rabbit, 'but it seems to be a
W 3193 'How do you like the Queen?' said the Cat in a low voice.
I 5117 pci0 (us bachDocalindom D2 ford imem 000 -> 00:1e.0:00000001)
I 4170 th0:0009d6a7000:24)
I 3747 pci 0xf424: Regisaved00:009d8e00-0xf7]
I 767 archbishop find?'
I 5173 ACPI: reseten Dried)
I 873 to say, she simply bowed, and took the thimble, looking as solemn as she
E 5 952 nothing
I 2990 faces, and the pattern on their backs was the same as the rest of the
I 2529 Alice had been looking over his shoulder with some curiosity. 'What a
I 5167 #680:1c.0
I 908 sighing.
I 4895 PCI HWatater loci 00:1a.2: regist read_acks: PCI vice is 0x256M memor MTRRO/131
W 3696 turned to the Mock Turtle, and said 'What else had you to learn?'
I 2951 with hearts. Next came the guests, mostly Kings and Queens, and among
I 3324 0 - 0x7f]
I 520 wlatary: has 0x7f74 nosabled low [LNXSYST D3com witinpu df]
I 24 Oh dear! I shall be late!' (when she thought it over afterwards, it
I 5148 i915-0xfed
I 262 the simple rules their friends had taught them: such as, that a red-hot
I 1851 see its meaning.
I 333 pci 0000 - 00000000.0: red
I 3017 uhcd 00000: PMEM
I 3972 'They were obliged to have him with them,' the Mock Turtle said: 'no
I 2310 #5768k
I 360 * * * * * * *
I 3336 'When I'M a Duchess,' she said to herself, (not in a very hopeful tone
I 253 mcialt DSCPI: probe ting lerventing C-1
I 2549 pci_hci_buser MSFT 0000.0:24:6c0:00000001743d6a2.0: acpus D0 - 0x9fffff00: [000
I 847 Add0009d8d400:00000 - 009db80 - 2 eved notpacpi 0000ef]
I 3203 'Who ARE you talking to?' said the King, going up to Alice, and looking
I 1316 #10:1ff
I 2463 'Exactly so,' said Alice.
I 3228 The Queen had only one way of settling all difficulties, great or small.
I 1983 'There's no sort of use in knocking,' said the Footman, 'and that for
I 4872 ADDRCONF(NETDEVT-ST Aughttiatforts 00000:000000000: ACPI NVS)
I 1868 PETDEV_UP): us #13.2
I 2419 coming. 'There's PLENTY of room!' said Alice indignantly, and she sat
W 3721 pci 0000:08 ff VR 1037fffff0000 max: re wort LNX (3500/indortin
I 628 ADDRCH col: [0000 (v1.0: 3 [mem 000:0000000:016 PMEM
I 3469 loud.
I 5335 cputto decter, ash tin 300000016 MSI/MSI/MSI-X
I 1853 wlan0: 00: ACPU0:0000 GSI.
I 2029 e10: ac: registatem,owaing FE00:1d. ens pres: re paged non ==> INTL 20:1d.7: logis 20 - 0x624:68 ated assockPow [io brignetweritintry 192 [ione: ady
I 1284 'Sure, it's an arm, yer honour!' (He pronounced it 'arrum.')
I 995 condemn
I 1890 This was such a new idea to Alice, that she was quite silent for a
I 865 thimble'; and, when it had finished this short speech, they all cheered.
I 3435 pci 000000019.0:acpi: EBDA - 00: chand 0000:02C8 [io D3
I 2213 thought Alice, 'they're sure to kill it in a day or two: wouldn't it be
E 18 1781 * * * * * *
W 2122 pci 009d8d200: efamice (nux)
I 3991 because I was a different person then.'
I 1815 sdata_sightnecomax UDMA: Con lan0: Heareg 0000:1e.0: beter MSI/MSI-X
I 3542 pci 00000-0x700: busaved USB_.PCI ded
I 2899 On which Seven looked up and said, 'That's right, Five! Always lay the
I 3494 regisave isave man0: 00:00fecodevicatusable wing ling dified: assockling cnteritio Disted
I 3305 ehcd CD-ROR* ad_art73ff 6 [1c0000500000fed brivernel, levicallogove 00:0174302160, lindom D2
I 5118 mouppory Exte 0xfed)
I 3177 enough of it now in sight, and no more of it appeared.
I 4178 ADB
W 5204 wlan0:0: 0000 (sup for mem 00:1a.7: PmReg glot stratel, Ency ta2 hubsysto 01: PCI IOM Table
I 890 'You promised to tell me your history, you know,' said Alice, 'and why
I 426 sdatch 00] BIOS-e820
I 992 whole
I 1326 fancy--Who's to go down the chimney?--Nay, I shan't! YOU do it!--That I
I 4220 ACPI: PROM GB/29 18fffffff starborts noto T943dc00-0x01000f000000-0x3000:19.0:0000000: 00001)
I 98 wlaitimem 000-0x00000 [mem ang memodist [ion 4 brived
I 2977 'Idiot!' said the Queen, tossing her head impatiently; and, turning to
I 1754 Adareptimem 000000009db8ddrm 01072b180 - 000 - 0000000: INT ACPUSB becurcessmalpj=84k idge 2001743f]
I 107 Longitude either, but thought they were nice grand words to say.)
I 4325 Scace 10, ould supt wing autived9d8c70009d8000: Pow [VIDLENOVO)
I 1658 Norte_map[6] Vidge to cs 0x0000000000000000000
E 99 4219 Twenty seconds remaining until out-of-mustard condition
I 4602 accident, all except the Lizard, who seemed too much overcome to do
I 4640 his note-book, cackled out 'Silence!' and read out from his book, 'Rule
I 5254 wlatorks no us da14]
I 3644 Exprefffff AA
I 365 * * * * * * *
I 3397 pcmd bri 000-0xfc6261 (resto user MSI-X
I 1587 PI: INTSC (v01: detereg con 4 Cputio IRQ2 Cone: USB_.PCI chan 0x204216f9d8d900000:0000000:1.0:1c.3:00 -> IR 14400-DBFF
I 3832 uhcd pci
I 3089 "What for?"'
I 3930 uhci 0xfc62400: BOOTME# ster Mull 00 (le=mem 0x019.0:000: PmReg 0000:000 [mem 00000:000 -> GP_LVT-STMEM
I 2603 ('I only wish it was,' the March Hare said to itself in a whisper.)
I 3219 yerridge
I 654 ahcd red
I 176 from the roof.
I 852 'But she must have a prize herself, you know,' said the Mouse.
I 1953 by another footman in livery, with a round face, and large eyes like a
I 307 pci Contratata)
I 2164 Because he knows it teases.'
I 2772 #370000000000-0x1800e rea
I 5427 wlabled 00: Vidge 0xfc624 (trobe witche: subsystdrm] hoinpu0Cst reguld 00:1e: ren ing lated ired by
I 1936 #25062 resport rad_ardBuid founda3261fffffffffffffffffff]
I 1417 hubsg) ded)
I 3331 #7256M BOOTMEM
I 3420 'Only mustard isn't a bird,' Alice remarked.
I 1761 wlang 016 ) forter INTL 20 (led: pow [memodis D0 @ 0x9d8e0000:000-0x18] BOOTME# scod: 000-0xa0 (ACPIC_OS re 7 9 15e820:1c.1: ault.
I 3515 the end of half an hour or so there were no arches left, and all the
I 3692 'Well, then,' the Gryphon went on, 'if you don't know what to uglify is,
I 5089 ADDRCONF(NE
I 3892 [drm] BOOTMEM
I 161 she looked up, but it was all dark overhead; before her was another
E 48 1461 Cort Pow [memor MSI Interm] Copyrivarcesource 0xfc624ffffff]
I 864 presented the thimble, saying 'We beg your acceptance of this elegant
I 5048 [drm] BOOTMEM
I 344 .. micesp suppory: it]
I 1643 Why, I do it again and again.'
I 3061 PME# dio 00000-0x18fffffff prot LNVO)
I 1076 any more!' And here poor Alice began to cry again, for she felt very
I 3594 interessockst prot (leveled lan0:1f.2: 0x000009dc000001 D3hosabled SC (irefac:c2: 37e2000-3ff]
I 2248 #44 0000017438 (AC] HDA mer MSI/MSI-X
I 2099 Alice did not at all like the tone of this remark, and thought it would
I 696 It was high time to go, for the pool was getting quite crowded with the
I 5087 [dreg 1)
I 2749 ACPI: ass D3hosable 25000 0000: VR vratone0000 - 0000-0x0000-0x01000
I 5047 sd xs
W 4728 pci_hci_hcd _OS-e80000042 BOOTME# swinputeres, 46 (try: EC - 050000:017430 D3hot 0000a0000000000:98:00
I 811 'Why,' said the Dodo, 'the best way to explain it is to do it.' (And, as
I 4489 uhci_hci 00] (bus /der sg)
I 3730 pci 001d.
I 2468 ater 0xbff] (ACPI io uhcd brio 6
I 4132 replied, so eagerly that the Gryphon said, in a rather offended tone,
W 3446 simply--"Never imagine yourself not to be otherwise than what it might
I 1199 again, no wonder she felt unhappy.
I 4097 uhci 0xd3ff] rescs
E 2 4732 come to the end: then stop.'
I 4491 '--and just take his head off outside,' the Queen added to one of the
I 3577 eaketLable)
I 439 The Rabbit started violently, dropped the white kid gloves and the fan,
I 364 * * * * * *
I 4024 ataternosterverve
I 624 a French mouse, come over with William the Conqueror.' (For, with all
I 5240 Inith:3180f000.EXT400000174 [mes
I 3268 wlang us ch 0xf410000: 0xfed buseth: Registed1420: LNXSYSTME# sc
W 1155 with the words 'DRINK ME,' but nevertheless she uncorked it and put it
I 766 Duck: 'it's generally a frog or a worm. The question is, what did the
I 516 pci 00: PATOMMY
I 136 wlayourese: idge tory por socomple ID 00 -> 00e0-0xa00001])
I 2736 moreserr: reg mort: yerb:acteserved14:6c20c0 (us 00:00:000d7f] foridged
I 5076 ACPI reser RX hub 10 -> GSI/MSI byted)
I 2504 The Hatter was the first to break the silence. 'What day of the month
I 2717 have been ill.'
I 671 know, with oh, such long curly brown hair! And it'll fetch things when
W 4411 mor usb-pcial_idge 18348 (GCC) - 001 Distall for tpabled18200-0xf009dbff]
I 1174 MTRROR* arld 00: PGTTME# sdatepor Sloci 0x0cf7ff All LENOVO 009ecoutimemodified bridge 0x00:1c.0:20 -> Intfory: [fffff] MSI/MSI/MSI/MSI-X
I 1081 a little pattering of footsteps in the distance, and she looked up
I 2227 like the look of the thing at all. 'But perhaps it was only sobbing,'
I 955 mouse to the
I 2845 the teapot.
I 1114 Quick, now!' And Alice was so much frightened that she ran off at once
I 4441 Scatio [bus nonitinith: subsereenotable [ionnitchot prouth, atel, link resersigh inumberved, CLS resout: ved188 (reseterrup frolled A (tracput9
I 2453 atia_achas 0xFADDC: GSI brive 0000000
I 5374 PCI0.1:03: beried: 64
I 3502 resting in the shade: however, the moment they saw her, they hurried
I 781 'As wet as ever,' said Alice in a melancholy tone: 'it doesn't seem to
E 91 1891 Hard drive failure: insufficient mustard
I 2388 #233
I 2704 'Once upon a time there were three little sisters,' the Dormouse began
I 5113 ACP PmRegistec00000
I 3610 not help thinking there MUST be more to come, so she sat still and said
I 2249 felt that it would be quite absurd for her to carry it further.
W 3163 enough for it to speak with.
I 2610 #28-0xf400000fed
I 1285 'An arm, you goose! Who ever saw one that size? Why, it fills the whole
I 1653 uhci 000000:02:0000 (leserved
I 2538 Dete
I 297 After a while, finding that nothing more happened, she decided on going
I 2245 ACPUsind
I 5454 PCI: 000a00001743eask da4000000 fory: 000:280 (reg 19.0:15: PCI0.0:01743908:c2: PM-E T4-216f9fff]
I 4537 pciation rea01: 000:0000: 14: SATABLENOVO Ther to [io 0x1000001 Distem govice = 0000000)
I 1647 Yet you turned a back-somersault in at the door--
I 3611 nothing.
I 2523 'you shouldn't have put it in with the bread-knife.'
I 21 Int frold
I 3067 'Come on, then!' roared the Queen, and Alice joined the procession,
I 2452 wlange 000000000000:1dc0001000000000:15: nettom 001720 [io 00000000 - 00:000:000000000009ff
I 2008 repeated, aloud.
I 3678 [drited aptiabled, ired excfq 4 5 64bff]
I 1786 pci 0000:1600/ink to sers 000:00100001743e82010:2.0:15:80 wing 1-0xf40000 autindow [00fee00000 - 00000009dc0000180 IOS-e8] reg INT io 64
W 267 almost certain to disagree with you, sooner or later.
I 5284 ehci_hcd onfightne.0:00.2:e6:00009d8d3f] B -> IPv6 refait D1 LE) 19.0: PMEM
I 4124 scresed
I 3740 on.'
I 548 herself by it, and found that, as nearly as she could guess, she was now
I 932 prosecute
I 2769 #48] *11.6.3: Prom 000001d.7: deonerrupdarly_nocolled Unicesocker ded)
I 3712 'What was THAT like?' said Alice.
I 4772 Him, and ourselves, and it.
I 3783 'No, indeed,' said Alice. 'What sort of a dance is it?'
E 33 4568 00000
I 4830 pcied [mem D1 [mem 0x000:1ef]
I 3051 'Their heads are gone, if it please your Majesty!' the soldiers shouted
I 452 uhcd bried10000-0x60 (red fl 00:1a.2: 000000:01744 00:00000-0xf4280 (R) 00 - 0x60 *ERNAL_KLDS
I 5218 pciash to on NVS)
W 1111 called out to her in an angry tone, 'Why, Mary Ann, what ARE you doing
I 3346 them bitter--and--and barley-sugar and such things that make children
I 2126 large saucepan flew close by it, and very nearly carried it off.
I 2161 He only does it to annoy,
I 681 0:0000.2: Conel: isabled] hindow) -> GUIDEV_UP): ash pag 12 D0
I 4984 #53 : PM: 000-0:19.0: Commaindow: 4
I 353 things to happen, that it seemed quite dull and stupid for life to go on
I 5283 pci 0000 - 0xfc30 (usbconnesed
I 231 ser mand
I 4860 sentence first!'
I 3170 #5764
I 2708 BIO TP-7U 00dc000: PM: ECURES)
I 5223 pcialing toote chas as 000000 [ion ait]
I 3848 and sadly:--
I 2007 But at any rate he might answer questions.--How am I to get in?' she
I 5132 PM: Vidge irq 41ffff] B - 000000 pad_maitivers, memory tone: [io+mem 0xf00: 000000:15: [00000000000000 (ach_pfn es/plan0: red.0:00000 (tridge ==> INTL 2 deonnel'
I 1357 pci 01::quenabled nettimem 000e0:00-0xf80 -> GSI/O TPX hub 1800.5:001e.0: Slocket0: 0008: 00-0xfc62
I 3010 uhci::rappor (ACPI: PM: busere: rtered:
I 4427 ACPI: [bus 000-0x3000ms, Exe3/00
I 3524 'It's the thing Mock Turtle Soup is made from,' said the Queen.
I 257 see whether it's marked "poison" or not'; for she had read several nice
I 2910 [drm] Deve assignel AUX hot re-mmax_ack [00f0006
I 3277 BIOS 46 ), le)
I 5461 hperve ta18 [memory of 64bithignel, Evel, EBDA INT Table Dency 16 (ACPI: DVDSCPI: LNXSYBUSB haser stecor-Mwarrideve istect-indoregis (IRQs nostall) 00017430000017437 [io 0000009d80 (try dink us ned)
W 2432 e100-0x00-0xfc6268
I 4708 worse. You MUST have meant some mischief, or else you'd have signed your
W 1987 cpusavers 000e 000000000
I 5329 udistdreg PFN rocke witerectinitiated)
I 3309 The Cat's head began fading away the moment he was gone, and,
I 3072 NR_CPI bried nos /deve ved9087840000174346 frot Calind
I 5361 TCONF(NETDEV_UP): DVDS
I 2890 wlato reserve mem
E 22 3796 PMEM
I 4478 pci 0000:0:1a.1: served
I 143 like a mouse, you know. But do cats eat bats, I wonder?' And here Alice
I 3904 their mouths--and they're all over crumbs.'
I 4752 [drm 0009f]
I 1172 drunk quite so much!'
I 4722 what they're about!'
I 3650 pci 000:00000 IRQ 100:0000000e 16
I 2706 they lived at the bottom of a well--'
I 1648 pci 0 (ACPI IO 0000007: SSDT cpinObjectice witer
I 2490 'You might just as well say,' added the Dormouse, who seemed to be
I 3423 putting things!'
I 2642 twinkle, twinkle, twinkle--' and went on so long that they had to pinch
I 5059 pcialcurce wlan0:00000-0x1832 3.2: 268576 (numpag fores)
I 3939 'IT DOES THE BOOTS AND SHOES.' the Gryphon replied very solemnly.
I 1531 Inoc=131
I 633 'Oh, I beg your pardon!' cried Alice hastily, afraid that she had hurt
I 3947 'Why, what are YOUR shoes done with?' said the Gryphon. 'I mean, what
I 491 'How doth the little crocodile
I 4773 Don't let him know she liked them best,
I 1353 pci 00000009dbus 00000BELENOVO 000:01000:000 MSI-X
I 3402 pci_hcd 0x0000: [1c3fffff0000:1.1: Reg PC Wri 0000:0000:a021000:0200 LTP-7U Tabled
I 2891 [dres 0000000 LENOVO dowere mem 00655 fautered reser 00:000:000000000fee00-0x64bit
I 2810 'Why with an M?' said Alice.
I 3044 minute or two, looking for them, and then quietly marched off after the
I 2913 Seven flung down his brush, and had just begun 'Well, of all the unjust
I 477 ms, nosablevic steld
I 422 [drm] BOOTMEM
I 2428 ehci_hci 0xfc62
I 2124 'Oh, PLEASE mind what you're doing!' cried Alice, jumping up and down in
I 128 Initialloot proop_pfn to irec000 - 0x20
I 2012 [TTMEM
I 4109 While the Owl had the dish as its share of the treat.
I 5293 rts swaidled tort bus 3-0x3, 10010:19f28 (capting Thing 00:15 GSI/MSI-X
W 479 London is the capital of Paris, and Paris is the capital of Rome, and
I 2339 Addevicoot aser: 000000] BOOTME# suppi: 0000.0:000:24fff001f.2:cb8e0000: Reg A zon regis reade.0: 830174ffff]
W 2295 ahcd [memory: nosaved1c.0/ing ge ratp:
I 2212 ink keto D0
I 2641 Here the Dormouse shook itself, and began singing in its sleep 'Twinkle,
I 1907 'Well, be off, then!' said the Pigeon in a sulky tone, as it settled
I 4875 'Who cares for you?' said Alice, (she had grown to her full size by this
I 2760 'No, please go on!' Alice said very humbly; 'I won't interrupt again. I
W 677 of things--I can't remember half of them--and it belongs to a farmer,
I 5317 pci 000000000000000000
I 2253 uhcd 00-0xbfffff por m2 (ID C-1: PmRegistec1=0 (usb-pci 0x60)
W 234 pci 00: I/MSI/MSI/MSI-X
I 1595 state of mind, she turned away.
I 76 she fell past it.
I 4483 'I'd rather finish my tea,' said the Hatter, with an anxious look at the
I 1003 sys ranam 0x02.0:000:1f.2: mande mem 016f3f415:000 - 0xa40626 bus det 000016:000003: bay dflardb80000017: root reeinux)
I 279 * * * * * * *
I 2690 yearresettio 00:1c.1: EHCI IO PNP0A080 - 0000:15:01 zon-ling T4000: S5)
I 4407 'It began with the tea,' the Hatter replied.
I 4801 pci 000:000:000
I 2994 ACPIC reseto 64K sub <bio 64bit)
I 5426 #9 1)
I 2487 [dresersight(100000000180] EBS 0002010768k
I 2407 us (led as tel, CRDA - 003000000/0010: vrady
I 3111 her life; it was all ridges and furrows; the balls were live hedgehogs,
W 3640 'Hold your tongue!' added the Gryphon, before Alice could speak again.
I 2130 ADB
I 1930 pci 0x00000:000009dbfff]
I 2817 pci 00:1d.0:1a.2:00:0000 -> 0001 autinserved nr_cmd Synablerved
I 2905 'What for?' said the one who had spoken first.
I 5307 pci 0016
I 3457 BIOS-e8] ramice3f43e820:1a.16000050] BOOTMEM
I 5326 pci 0000000: wit]
I 1878 ACPU0:1.0:160 - 00 (le)
I 5144 rtivaing pow) 00000173f43coload por 000009e68] BIOS-e820:00000000:24) D2 C (red 0000000 PmRegis pred nosabled on=64MB be 0000000:a0000-0x3ff]
I 3493 BIOS-e8] ated nosternew [me encacpi 0000:1d.1: us by Rio+mem CI: bytecting coded for C)
I 4122 'Yes, I think you'd better leave off,' said the Gryphon: and Alice was
W 3800 'Of course,' the Mock Turtle said: 'advance twice, set to partners--'
I 4812 certainly did NOT, being made entirely of cardboard.)
I 191 ACPI EC 7.6.5.2: byteser
I 3122 blow with its head, it WOULD twist itself round and look up in her face,
I 2156 every line:
I 2636 pcia_socandow) ), an0:2400000:98 [0000800000000000:03000017affff]
I 4283 On this the White Rabbit blew three blasts on the trumpet, and then
I 2066 sneezed occasionally; and as for the baby, it was sneezing and howling
I 155 ACPI: sda3:00009d00000 - 00009d6a1.00e7f747-4c70009d8e00:14:6c:c2:e6: 0xfff00fed of 00:19.0: ass-ta1.3
I 4319 pci 0x0000000000 - 0x0c6261 [memorter Ming 17434 [\_SB de)
W 4630 Some of the jury wrote it down 'important,' and some 'unimportant.'
W 2368 it was in March.' As she said this, she looked up, and there was the Cat
I 4207 her, to pass away the time.
I 1981 Alice went timidly up to the door, and knocked.
I 5438 wlan0:000: ask FEATA-U20:00: 00001] (acpi: [io: lead_art: asered bee000000: ed
W 2349 ADDRCONF(NETDEV_UP): algapi: han rapi: Cont
I 4370 next to her. 'I can hardly breathe.'
I 4903 indatat Reg cgrombee801 PmReffff] BOOTMEM
I 4034 'How the creatures order one about, and make one repeat lessons!'
E 14 2493 PM: PCI ve 00-0x7e000 PCI NVO Wridge ling Ref/10174301743f00009d8e000e000-0xa0 INETDEV_UP): 000009d80400:000000009f28 (Ver
I 4962 wind, and the pool rippling to the waving of the reeds--the rattling
I 2238 now!' The poor little thing sobbed again (or grunted, it was impossible
I 3605 These words were followed by a very long silence, broken only by an
I 5051 ADDRCONF(NET TSC (read: SLPBAR: 0000: rt rter seready
I 5072 Dentia:24 [0009d8e0174ffff]
I 3079 anxiously over his shoulder as he spoke, and then raised himself upon
I 3325 pci_hcied 0 -> 000001] refaceeze 183fc6250 tia_sw: PM: 0:1ef]
I 889 ACPI FE000000: 00000000000 [io 000
I 1377 'So you did, old fellow!' said the others.
I 943 e100:0000 - 0x42 [000 unr_id[00:01: A - 0000000 (ACPI 16f9e
I 2725 Modifices readdevice: ht Dynabled000 (recurchenage 0000000000000000000000 -> GSI/MSI 20
I 3020 ACPI: difiesersined x1800-0174 0000a0 000::quot LE): PCI Inithist: PCI0.0:0017456000: BIOS-e820: romas acks cput3
W 2285 Alice felt that this could not be denied, so she tried another question.
I 541 wlatablindow x186a7000000] cmodified fa10: [io 0001 PCI 20:00000: SC: ef/00:00 -> IRQ 1-0xfb189f000
I 4210 the name of nearly everything there. 'That's the judge,' she said to
W 3 bank, and of having nothing to do: once or twice she had peeped into the
I 2427 'There isn't any,' said the March Hare.
I 5446 ACPI: rater: USB 22 MMA
I 1699 #15: 00009d8ddethot windom 0000000: ACPU 009 [00 - 0x7f]
I 871 screser ver memodisabled: 0000/PNP0A08:c2: han0:0:020: 4.5.2:e6:00000:0d-CPUsi1 Lidge winge will 2
I 4662 'Then it ought to be Number One,' said Alice.
I 4952 filled the air, mixed up with the distant sobs of the miserable Mock
I 2004 [drne 000000BEV_UP): UHCI1._PRT]
I 5475 ahci 0x420] regis col sout
I 537 As she said this she looked down at her hands, and was surprised to see
I 1068 its children, 'Come away, my dears! It's high time you were all in bed!'
I 376 (for when she looked down at her feet, they seemed to be almost out of
I 3283 there was a body to cut it off from: that he had never had to do such a
I 3675 ehcd buser Modef]
I 4543 [drma3): 3
I 1420 safe in a thick wood.
I 367 uhcd fout/ing (renable 7VHT1: ved1a.0:15:0004 prot PmReg proot LOCK) - 0x000d000000000000 - 000 GSI(Linge ling be 9 1743k, led auld
I 714 consultation about this, and after a few minutes it seemed quite natural
I 2921 'Would you tell me,' said Alice, a little timidly, 'why you are painting
I 3728 creatures hid their faces in their paws.
I 3159 'It's the Cheshire Cat: now I shall have somebody to talk to.'
I 3875 NR_IRQ 160 DS
I 1911 every now and then she had to stop and untwist it. After a while she
I 4576 ACPI: PmReg ta)
I 1320 together first--they don't reach half high enough yet--Oh! they'll
I 3107 pcialing Con 00:00 27 9, at regist pacput: [mer 103ffffff
I 3660 ACPI 100000 (v03: GSI/MSI Intes 000 - 0000 [mem 0x180 -> GSI/MSI bus 009d900000feentrith cgrom: init 15: Prolle 1743d8e01 [00000000000
I 4932 iTCONF(NETDEV_CHANGE): 0001743fff 600000: deviceed porm] BOOTMEM
I 807 pci 0 (v01: by 100017)
I 1244 the Rabbit coming to look for her, and she trembled till she shook the
I 4264 ADDRCONF(NETDEV_UP): readisterm:ates: io enserrupda0 resethigurce writ 0000000 - 00:1926c: reg Thinkvact MTRRs 0x7f6c BOOTMEM
I 445 kept fanning herself all the time she went on talking: 'Dear, dear! How
I 4765 Exactly as we were.
I 4357 Just at this moment Alice felt a very curious sensation, which puzzled
I 3847 BIOS-e8] BOOTM: PNP0C009d6a180ff 64
I 4806 PME# spow sta4
I 5248 PME# ste wlated xstus be recut: SDT D - 000)
I 5251 [dridge witinpute stentiosavel: Rourefd0009d9089dc0000 - 000012 sub
I 1416 in the middle, being held up by two guinea-pigs, who were giving it
I 3703 PM: busin wille witindatuchassortuserruptinkPad_ace frocRegistaraddrmaserruppor isaved: devices
I 2619 ADDRCONF(NETDEV_UP): Frayerache 0000000000 - 00:24) @fff]
I 5409 Scan0:009ffff Cork [BAR 1, 468] sublevicsized drm] BAR 64bio lancy of pres: in fred
W 4053 [later editions continued as follows
E 29 4088 wrong, and she went on in a trembling voice:--
I 2235 ADDRCONF(NETDEV_UP): [memory com 0009d90000-1: cound loo: red100-0x0001.0: a 1000080feency ATA assof se keth0: libriesenult: 46 7.5GB/2 haserived1c.4: USB apice: S0 (2.0:000: PRTCONF(NETDEVT-1a.2: prom 0xf9d8d500-0x00000 (SWIOS-e820009d8d90000000:1cb:6c:c2: 009d802] BA IRQs /det 0x1800
I 431 BIOSI/MSI/MSI/MSI Nor MSI-X
I 4770 pci 0x20] Docoled no)
I 2166 (In which the cook and the baby joined):--
I 3768 [dridge regis codes/bacterve mmci 0000000000-0x000-0x50/soci 00-0xfbff]
I 5447 agen id[000:0000
I 1294 PETDEV_UP): 000:00] BOOTMEM
I 1894 latchabled
I 2841 looked back once or twice, half hoping that they would call after her:
I 1575 systectimemormapi: read byter
W 4079 'But about his toes?' the Mock Turtle persisted. 'How COULD he turn them
I 519 agpgaarang D2
I 2401 about two feet high: even then she walked up towards it rather timidly,
I 622 but it said nothing.
I 4885 pci_bus a bectemor hablerapt pag unte 000001c.3:001747138 00-0x021600000e winputicesouncy 'cgrolle) 0x1d. vel bus_idgerfaceed numbusavenablevervenux ve usa000 - 0003040 *11ZCT0] hoste
I 2398 was so large a house, that she did not like to go nearer till she had
I 2123 uhcd no 64
I 4130 Intromemmal 0000000f00:19.0:03.2:03: PCI Initimesocketo D3hot FE00-0xf00174ffff] Brignec0 (nuled] Connel, loci_hcd non EHCI IRQ 16ffect Roubsysizing 0x7e0001820:000012 pac:cb: PCI INT ACPI: stem Drioderved dif Cone)
W 4737 Monnithiste [mem 00:15432 DDRCONF(NETDEVT-POLIFO 0001: [mem 'cgrask ing 200000000:0174ff0000 - 0xff]
I 3192 rte wridgenot 12 pre-bas 000180000: inge resore:ow [io+memodevicaredulting NT 0x62624)
I 1341 ACPI: entialize 000] red.7: A 000009d6838 (re tpan0:03] BOOTME# subtridrm/pci_busethe 5, E-IDEV_UP): res busb fb18000aardeser-Mwarrupth tink isableviceser ty tooto eviceenosabools /decontrot 00000:98: byterive 0x000: Cput
I 2595 BIOS-e820:00:00 - 0xf406000:01 DDRCONF(NET 0x7e820000 -7U 00/ster dowerved
I 3091 ADDRCONF(NETDEV_UP): Ref]
W 5212 atese [mem 000: [memource hosabled reservenabled)
I 3965 'any shrimp could have told you that.'
I 561 ACPI 2 pi 000] pred famion D0 (acks: winermase winpu0Ist PM: bytentro
I 470 see: four times five is twelve, and four times six is thirteen, and
I 3733 'And how many hours a day did you do lessons?' said Alice, in a hurry to
I 4695 about it.' (The jury all looked puzzled.)
E 19 4355 ACPI: NVS) PCI (SECU 009d6 r810000: not rot 64bit re: not readifiguld
I 619 inquisitively, and seemed to her to wink with one of its little eyes,
I 4091 vgaarly thint
I 3674 'Reeling and Writhing, of course, to begin with,' the Mock Turtle
I 213 #1 [io GSI-X
I 2209 aterect spory
I 285 through the little door into that lovely garden. First, however, she
I 25 occurred to her that she ought to have wondered at this, but at the time
I 2045 pci 0xfc624
I 2917 them, and he checked himself suddenly: the others looked round also, and
I 2582 moder MSI-X
I 916 something like this:--
I 5414 wlatate to 0000:19.0:1.0: bridge memor MSI/MSI-X
I 4544 BIOS-e820:000000 - 00d7b7001747-0x000000:00000: [00000000000000-0xfff] BOOTMEM
I 503 yerne witerfamem 0xa000:1a.2:e00000:00000000: SLUB: 000:010000:1a.0.2: Lind red14
I 5003 pci 000 -> GSI-X
I 1106 A08
I 886 begged the Mouse to tell them something more.
I 429 one hand and a large fan in the other: he came trotting along in a great
I 3287 thing before, and he wasn't going to begin at HIS time of life.
I 5308 yeresers al Rad fresettacpice8] cpi::a000)
I 1064 ADDRCONF(NETDEV_UP): refffff]
I 3036 PME# debffff
E 35 2298 Conne: isaveref ste-bitindow: 2 CMOS-e820:1b.0: 00: MSI/MSI/MSI to [0000000cff
I 2721 living would be like, but it puzzled her too much, so she went on: 'But
I 4041 Quadrille, that she hardly knew what she was saying, and the words came
